[ 2019-06-29T15:09:12+08:00 ] 127.0.0.1 /Public/Admin/css/jquery-editable-select.min.css
INFO: [ app_init ] --START--
INFO: Run Behavior\BuildLiteBehavior [ RunTime:0.000013s ]
INFO: [ app_init ] --END-- [ RunTime:0.000465s ]
INFO: [ app_begin ] --START--
INFO: Run Behavior\ReadHtmlCacheBehavior [ RunTime:0.000792s ]
INFO: [ app_begin ] --END-- [ RunTime:0.000850s ]
ERR: 无法加载控制器:Public

[ 2019-06-29T15:09:12+08:00 ] 127.0.0.1 /Public/Admin/js/jquery-editable-select.min.js
INFO: [ app_init ] --START--
INFO: Run Behavior\BuildLiteBehavior [ RunTime:0.000012s ]
INFO: [ app_init ] --END-- [ RunTime:0.000425s ]
INFO: [ app_begin ] --START--
INFO: Run Behavior\ReadHtmlCacheBehavior [ RunTime:0.000868s ]
INFO: [ app_begin ] --END-- [ RunTime:0.000939s ]
ERR: 无法加载控制器:Public

[ 2019-06-29T15:09:12+08:00 ] 127.0.0.1 /Public/Admin/js/jquery-editable-select.min.js
INFO: [ app_init ] --START--
INFO: Run Behavior\BuildLiteBehavior [ RunTime:0.000013s ]
INFO: [ app_init ] --END-- [ RunTime:0.000639s ]
INFO: [ app_begin ] --START--
INFO: Run Behavior\ReadHtmlCacheBehavior [ RunTime:0.000850s ]
INFO: [ app_begin ] --END-- [ RunTime:0.000909s ]
ERR: 无法加载控制器:Public

[ 2019-06-29T15:13:23+08:00 ] 127.0.0.1 /Public/Admin/css/jquery-editable-select.min.css
INFO: [ app_init ] --START--
INFO: Run Behavior\BuildLiteBehavior [ RunTime:0.000012s ]
INFO: [ app_init ] --END-- [ RunTime:0.000445s ]
INFO: [ app_begin ] --START--
INFO: Run Behavior\ReadHtmlCacheBehavior [ RunTime:0.000704s ]
INFO: [ app_begin ] --END-- [ RunTime:0.000750s ]
ERR: 无法加载控制器:Public

[ 2019-06-29T15:13:23+08:00 ] 127.0.0.1 /Public/Admin/js/jquery-editable-select.min.js
INFO: [ app_init ] --START--
INFO: Run Behavior\BuildLiteBehavior [ RunTime:0.000013s ]
INFO: [ app_init ] --END-- [ RunTime:0.000549s ]
INFO: [ app_begin ] --START--
INFO: Run Behavior\ReadHtmlCacheBehavior [ RunTime:0.000803s ]
INFO: [ app_begin ] --END-- [ RunTime:0.000862s ]
ERR: 无法加载控制器:Public

[ 2019-06-29T15:13:23+08:00 ] 127.0.0.1 /Public/Admin/js/jquery-editable-select.min.js
INFO: [ app_init ] --START--
INFO: Run Behavior\BuildLiteBehavior [ RunTime:0.000023s ]
INFO: [ app_init ] --END-- [ RunTime:0.000898s ]
INFO: [ app_begin ] --START--
INFO: Run Behavior\ReadHtmlCacheBehavior [ RunTime:0.001137s ]
INFO: [ app_begin ] --END-- [ RunTime:0.001194s ]
ERR: 无法加载控制器:Public

[ 2019-06-29T15:18:24+08:00 ] 127.0.0.1 /Public/Admin/css/jquery-editable-select.min.css
INFO: [ app_init ] --START--
INFO: Run Behavior\BuildLiteBehavior [ RunTime:0.000022s ]
INFO: [ app_init ] --END-- [ RunTime:0.000978s ]
INFO: [ app_begin ] --START--
INFO: Run Behavior\ReadHtmlCacheBehavior [ RunTime:0.001232s ]
INFO: [ app_begin ] --END-- [ RunTime:0.001292s ]
ERR: 无法加载控制器:Public

[ 2019-06-29T15:18:24+08:00 ] 127.0.0.1 /Public/Admin/js/jquery-editable-select.min.js
INFO: [ app_init ] --START--
INFO: Run Behavior\BuildLiteBehavior [ RunTime:0.000014s ]
INFO: [ app_init ] --END-- [ RunTime:0.000673s ]
INFO: [ app_begin ] --START--
INFO: Run Behavior\ReadHtmlCacheBehavior [ RunTime:0.001567s ]
INFO: [ app_begin ] --END-- [ RunTime:0.001625s ]
ERR: 无法加载控制器:Public

[ 2019-06-29T15:18:24+08:00 ] 127.0.0.1 /Public/Admin/js/jquery-editable-select.min.js
INFO: [ app_init ] --START--
INFO: Run Behavior\BuildLiteBehavior [ RunTime:0.000049s ]
INFO: [ app_init ] --END-- [ RunTime:0.001513s ]
INFO: [ app_begin ] --START--
INFO: Run Behavior\ReadHtmlCacheBehavior [ RunTime:0.000844s ]
INFO: [ app_begin ] --END-- [ RunTime:0.000910s ]
ERR: 无法加载控制器:Public

[ 2019-06-29T15:21:50+08:00 ] 127.0.0.1 /Public/Admin/css/jquery-editable-select.min.css
INFO: [ app_init ] --START--
INFO: Run Behavior\BuildLiteBehavior [ RunTime:0.000014s ]
INFO: [ app_init ] --END-- [ RunTime:0.000417s ]
INFO: [ app_begin ] --START--
INFO: Run Behavior\ReadHtmlCacheBehavior [ RunTime:0.000917s ]
INFO: [ app_begin ] --END-- [ RunTime:0.000969s ]
ERR: 无法加载控制器:Public

[ 2019-06-29T15:22:34+08:00 ] 127.0.0.1 /Public/Admin/css/jquery-editable-select.min.css
INFO: [ app_init ] --START--
INFO: Run Behavior\BuildLiteBehavior [ RunTime:0.000018s ]
INFO: [ app_init ] --END-- [ RunTime:0.000490s ]
INFO: [ app_begin ] --START--
INFO: Run Behavior\ReadHtmlCacheBehavior [ RunTime:0.000598s ]
INFO: [ app_begin ] --END-- [ RunTime:0.000646s ]
ERR: 无法加载控制器:Public

[ 2019-06-29T15:22:34+08:00 ] 127.0.0.1 /Public/Admin/js/jquery-editable-select.min.js
INFO: [ app_init ] --START--
INFO: Run Behavior\BuildLiteBehavior [ RunTime:0.000011s ]
INFO: [ app_init ] --END-- [ RunTime:0.000433s ]
INFO: [ app_begin ] --START--
INFO: Run Behavior\ReadHtmlCacheBehavior [ RunTime:0.000749s ]
INFO: [ app_begin ] --END-- [ RunTime:0.000798s ]
ERR: 无法加载控制器:Public

[ 2019-06-29T15:22:34+08:00 ] 127.0.0.1 /Public/Admin/js/jquery-editable-select.min.js
INFO: [ app_init ] --START--
INFO: Run Behavior\BuildLiteBehavior [ RunTime:0.000011s ]
INFO: [ app_init ] --END-- [ RunTime:0.000440s ]
INFO: [ app_begin ] --START--
INFO: Run Behavior\ReadHtmlCacheBehavior [ RunTime:0.001185s ]
INFO: [ app_begin ] --END-- [ RunTime:0.001250s ]
ERR: 无法加载控制器:Public

[ 2019-06-29T15:24:24+08:00 ] 127.0.0.1 /Public/Admin/css/jquery-editable-select.min.css
INFO: [ app_init ] --START--
INFO: Run Behavior\BuildLiteBehavior [ RunTime:0.000012s ]
INFO: [ app_init ] --END-- [ RunTime:0.000556s ]
INFO: [ app_begin ] --START--
INFO: Run Behavior\ReadHtmlCacheBehavior [ RunTime:0.001636s ]
INFO: [ app_begin ] --END-- [ RunTime:0.001696s ]
ERR: 无法加载控制器:Public

[ 2019-06-29T15:24:24+08:00 ] 127.0.0.1 /Public/Admin/js/jquery-editable-select.min.js
INFO: [ app_init ] --START--
INFO: Run Behavior\BuildLiteBehavior [ RunTime:0.000013s ]
INFO: [ app_init ] --END-- [ RunTime:0.000459s ]
INFO: [ app_begin ] --START--
INFO: Run Behavior\ReadHtmlCacheBehavior [ RunTime:0.001126s ]
INFO: [ app_begin ] --END-- [ RunTime:0.001188s ]
ERR: 无法加载控制器:Public

[ 2019-06-29T15:24:24+08:00 ] 127.0.0.1 /Public/Admin/js/jquery-editable-select.min.js
INFO: [ app_init ] --START--
INFO: Run Behavior\BuildLiteBehavior [ RunTime:0.000013s ]
INFO: [ app_init ] --END-- [ RunTime:0.000463s ]
INFO: [ app_begin ] --START--
INFO: Run Behavior\ReadHtmlCacheBehavior [ RunTime:0.001836s ]
INFO: [ app_begin ] --END-- [ RunTime:0.001897s ]
ERR: 无法加载控制器:Public

[ 2019-06-29T15:25:50+08:00 ] 127.0.0.1 /Public/Admin/css/jquery-editable-select.min.css
INFO: [ app_init ] --START--
INFO: Run Behavior\BuildLiteBehavior [ RunTime:0.000014s ]
INFO: [ app_init ] --END-- [ RunTime:0.000576s ]
INFO: [ app_begin ] --START--
INFO: Run Behavior\ReadHtmlCacheBehavior [ RunTime:0.000742s ]
INFO: [ app_begin ] --END-- [ RunTime:0.000797s ]
ERR: 无法加载控制器:Public

[ 2019-06-29T15:26:38+08:00 ] 127.0.0.1 /Public/Admin/js/jquery-editable-select.min.js
INFO: [ app_init ] --START--
INFO: Run Behavior\BuildLiteBehavior [ RunTime:0.000020s ]
INFO: [ app_init ] --END-- [ RunTime:0.000452s ]
INFO: [ app_begin ] --START--
INFO: Run Behavior\ReadHtmlCacheBehavior [ RunTime:0.000647s ]
INFO: [ app_begin ] --END-- [ RunTime:0.001290s ]
ERR: 无法加载控制器:Public

[ 2019-06-29T15:26:38+08:00 ] 127.0.0.1 /Public/Admin/js/jquery-editable-select.min.js
INFO: [ app_init ] --START--
INFO: Run Behavior\BuildLiteBehavior [ RunTime:0.000013s ]
INFO: [ app_init ] --END-- [ RunTime:0.000462s ]
INFO: [ app_begin ] --START--
INFO: Run Behavior\ReadHtmlCacheBehavior [ RunTime:0.000973s ]
INFO: [ app_begin ] --END-- [ RunTime:0.001031s ]
ERR: 无法加载控制器:Public

[ 2019-06-29T15:29:30+08:00 ] 127.0.0.1 /Public/Admin/css/jquery-editable-select.min.css
INFO: [ app_init ] --START--
INFO: Run Behavior\BuildLiteBehavior [ RunTime:0.000015s ]
INFO: [ app_init ] --END-- [ RunTime:0.000518s ]
INFO: [ app_begin ] --START--
INFO: Run Behavior\ReadHtmlCacheBehavior [ RunTime:0.000724s ]
INFO: [ app_begin ] --END-- [ RunTime:0.000778s ]
ERR: 无法加载控制器:Public

[ 2019-06-29T15:29:43+08:00 ] 127.0.0.1 /Public/Admin/css/jquery-editable-select.min.css
INFO: [ app_init ] --START--
INFO: Run Behavior\BuildLiteBehavior [ RunTime:0.000015s ]
INFO: [ app_init ] --END-- [ RunTime:0.000657s ]
INFO: [ app_begin ] --START--
INFO: Run Behavior\ReadHtmlCacheBehavior [ RunTime:0.000767s ]
INFO: [ app_begin ] --END-- [ RunTime:0.000821s ]
ERR: 无法加载控制器:Public

[ 2019-06-29T15:30:31+08:00 ] 127.0.0.1 /Public/Admin/css/jquery-editable-select.min.css
INFO: [ app_init ] --START--
INFO: Run Behavior\BuildLiteBehavior [ RunTime:0.000012s ]
INFO: [ app_init ] --END-- [ RunTime:0.000443s ]
INFO: [ app_begin ] --START--
INFO: Run Behavior\ReadHtmlCacheBehavior [ RunTime:0.000976s ]
INFO: [ app_begin ] --END-- [ RunTime:0.001035s ]
ERR: 无法加载控制器:Public

[ 2019-06-29T15:30:32+08:00 ] 127.0.0.1 /Public/Admin/css/jquery-editable-select.min.css
INFO: [ app_init ] --START--
INFO: Run Behavior\BuildLiteBehavior [ RunTime:0.000014s ]
INFO: [ app_init ] --END-- [ RunTime:0.000557s ]
INFO: [ app_begin ] --START--
INFO: Run Behavior\ReadHtmlCacheBehavior [ RunTime:0.000833s ]
INFO: [ app_begin ] --END-- [ RunTime:0.000918s ]
ERR: 无法加载控制器:Public

