[ 2019-07-11T14:37:23+08:00 ] 127.0.0.1 /admin.php/test/identity.html
INFO: [ app_init ] --START--
INFO: Run Behavior\BuildLiteBehavior [ RunTime:0.000009s ]
INFO: [ app_init ] --END-- [ RunTime:0.000904s ]
INFO: [ app_begin ] --START--
INFO: Run Behavior\ReadHtmlCacheBehavior [ RunTime:0.001284s ]
INFO: [ app_begin ] --END-- [ RunTime:0.001316s ]
INFO: [ app_end ] --START--
INFO: Run Behavior\ShowPageTraceBehavior [ RunTime:0.001404s ]
INFO: [ app_end ] --END-- [ RunTime:0.001437s ]

[ 2019-07-11T14:37:29+08:00 ] 127.0.0.1 /admin.php/test/zuobiao.html
INFO: [ app_init ] --START--
INFO: Run Behavior\BuildLiteBehavior [ RunTime:0.000007s ]
INFO: [ app_init ] --END-- [ RunTime:0.000355s ]
INFO: [ app_begin ] --START--
INFO: Run Behavior\ReadHtmlCacheBehavior [ RunTime:0.000552s ]
INFO: [ app_begin ] --END-- [ RunTime:0.000579s ]
INFO: [ view_parse ] --START--
INFO: [ template_filter ] --START--
INFO: Run Behavior\ContentReplaceBehavior [ RunTime:0.000022s ]
INFO: [ template_filter ] --END-- [ RunTime:0.000051s ]
INFO: Run Behavior\ParseTemplateBehavior [ RunTime:0.013078s ]
INFO: [ view_parse ] --END-- [ RunTime:0.013116s ]
INFO: [ view_filter ] --START--
INFO: Run Behavior\WriteHtmlCacheBehavior [ RunTime:0.004092s ]
INFO: [ view_filter ] --END-- [ RunTime:0.004134s ]
INFO: [ app_end ] --START--
INFO: Run Behavior\ShowPageTraceBehavior [ RunTime:0.001821s ]
INFO: [ app_end ] --END-- [ RunTime:0.001908s ]

[ 2019-07-11T14:37:52+08:00 ] 127.0.0.1 /admin.php/test/zuobiao.html
INFO: [ app_init ] --START--
INFO: Run Behavior\BuildLiteBehavior [ RunTime:0.000006s ]
INFO: [ app_init ] --END-- [ RunTime:0.000396s ]
INFO: [ app_begin ] --START--
INFO: Run Behavior\ReadHtmlCacheBehavior [ RunTime:0.000588s ]
INFO: [ app_begin ] --END-- [ RunTime:0.000616s ]

[ 2019-07-11T14:38:14+08:00 ] 127.0.0.1 /admin.php/test/zuobiao.html
INFO: [ app_init ] --START--
INFO: Run Behavior\BuildLiteBehavior [ RunTime:0.000008s ]
INFO: [ app_init ] --END-- [ RunTime:0.000357s ]
INFO: [ app_begin ] --START--
INFO: Run Behavior\ReadHtmlCacheBehavior [ RunTime:0.000517s ]
INFO: [ app_begin ] --END-- [ RunTime:0.000573s ]
INFO: [ view_parse ] --START--
INFO: [ template_filter ] --START--
INFO: Run Behavior\ContentReplaceBehavior [ RunTime:0.000013s ]
INFO: [ template_filter ] --END-- [ RunTime:0.000036s ]
INFO: Run Behavior\ParseTemplateBehavior [ RunTime:0.004160s ]
INFO: [ view_parse ] --END-- [ RunTime:0.004190s ]
INFO: [ view_filter ] --START--
INFO: Run Behavior\WriteHtmlCacheBehavior [ RunTime:0.000290s ]
INFO: [ view_filter ] --END-- [ RunTime:0.000307s ]
INFO: [ app_end ] --START--
INFO: Run Behavior\ShowPageTraceBehavior [ RunTime:0.000558s ]
INFO: [ app_end ] --END-- [ RunTime:0.000584s ]

[ 2019-07-11T14:40:35+08:00 ] 127.0.0.1 /admin.php/test/zuobiao.html
INFO: [ app_init ] --START--
INFO: Run Behavior\BuildLiteBehavior [ RunTime:0.000008s ]
INFO: [ app_init ] --END-- [ RunTime:0.000449s ]
INFO: [ app_begin ] --START--
INFO: Run Behavior\ReadHtmlCacheBehavior [ RunTime:0.000533s ]
INFO: [ app_begin ] --END-- [ RunTime:0.000562s ]

[ 2019-07-11T14:45:12+08:00 ] 127.0.0.1 /admin.php/test/zuobiao.html
INFO: [ app_init ] --START--
INFO: Run Behavior\BuildLiteBehavior [ RunTime:0.000008s ]
INFO: [ app_init ] --END-- [ RunTime:0.000571s ]
INFO: [ app_begin ] --START--
INFO: Run Behavior\ReadHtmlCacheBehavior [ RunTime:0.000581s ]
INFO: [ app_begin ] --END-- [ RunTime:0.000607s ]

[ 2019-07-11T14:45:35+08:00 ] 127.0.0.1 /admin.php/test/zuobiao.html
INFO: [ app_init ] --START--
INFO: Run Behavior\BuildLiteBehavior [ RunTime:0.000011s ]
INFO: [ app_init ] --END-- [ RunTime:0.001159s ]
INFO: [ app_begin ] --START--
INFO: Run Behavior\ReadHtmlCacheBehavior [ RunTime:0.002147s ]
INFO: [ app_begin ] --END-- [ RunTime:0.002183s ]

[ 2019-07-11T14:45:58+08:00 ] 127.0.0.1 /admin.php/test/zuobiao.html
INFO: [ app_init ] --START--
INFO: Run Behavior\BuildLiteBehavior [ RunTime:0.000008s ]
INFO: [ app_init ] --END-- [ RunTime:0.000468s ]
INFO: [ app_begin ] --START--
INFO: Run Behavior\ReadHtmlCacheBehavior [ RunTime:0.000451s ]
INFO: [ app_begin ] --END-- [ RunTime:0.000478s ]

[ 2019-07-11T14:46:01+08:00 ] 127.0.0.1 /admin.php/test/zuobiao.html
INFO: [ app_init ] --START--
INFO: Run Behavior\BuildLiteBehavior [ RunTime:0.000007s ]
INFO: [ app_init ] --END-- [ RunTime:0.000351s ]
INFO: [ app_begin ] --START--
INFO: Run Behavior\ReadHtmlCacheBehavior [ RunTime:0.000584s ]
INFO: [ app_begin ] --END-- [ RunTime:0.000611s ]
NOTIC: [8] Undefined index: p1 H:\www\ThinkPHPTest\Application\Admin\Controller\TestController.class.php 第 911 行.
NOTIC: [8] Undefined index: p2 H:\www\ThinkPHPTest\Application\Admin\Controller\TestController.class.php 第 912 行.
NOTIC: [8] Undefined index: p3 H:\www\ThinkPHPTest\Application\Admin\Controller\TestController.class.php 第 913 行.
NOTIC: [8] Undefined index: p4 H:\www\ThinkPHPTest\Application\Admin\Controller\TestController.class.php 第 914 行.

[ 2019-07-11T14:48:09+08:00 ] 127.0.0.1 /admin.php/test/zuobiao.html
INFO: [ app_init ] --START--
INFO: Run Behavior\BuildLiteBehavior [ RunTime:0.000008s ]
INFO: [ app_init ] --END-- [ RunTime:0.000437s ]
INFO: [ app_begin ] --START--
INFO: Run Behavior\ReadHtmlCacheBehavior [ RunTime:0.000753s ]
INFO: [ app_begin ] --END-- [ RunTime:0.000788s ]
INFO: [ app_end ] --START--
INFO: Run Behavior\ShowPageTraceBehavior [ RunTime:0.001105s ]
INFO: [ app_end ] --END-- [ RunTime:0.001139s ]

[ 2019-07-11T14:48:11+08:00 ] 127.0.0.1 /admin.php/test/zuobiao.html
INFO: [ app_init ] --START--
INFO: Run Behavior\BuildLiteBehavior [ RunTime:0.000006s ]
INFO: [ app_init ] --END-- [ RunTime:0.000336s ]
INFO: [ app_begin ] --START--
INFO: Run Behavior\ReadHtmlCacheBehavior [ RunTime:0.000566s ]
INFO: [ app_begin ] --END-- [ RunTime:0.000611s ]
INFO: [ app_end ] --START--
INFO: Run Behavior\ShowPageTraceBehavior [ RunTime:0.000791s ]
INFO: [ app_end ] --END-- [ RunTime:0.000825s ]

[ 2019-07-11T14:48:19+08:00 ] 127.0.0.1 /admin.php/test/zuobiao.html
INFO: [ app_init ] --START--
INFO: Run Behavior\BuildLiteBehavior [ RunTime:0.000006s ]
INFO: [ app_init ] --END-- [ RunTime:0.000316s ]
INFO: [ app_begin ] --START--
INFO: Run Behavior\ReadHtmlCacheBehavior [ RunTime:0.000414s ]
INFO: [ app_begin ] --END-- [ RunTime:0.000433s ]
INFO: [ view_parse ] --START--
INFO: [ template_filter ] --START--
INFO: Run Behavior\ContentReplaceBehavior [ RunTime:0.000017s ]
INFO: [ template_filter ] --END-- [ RunTime:0.000043s ]
INFO: Run Behavior\ParseTemplateBehavior [ RunTime:0.005776s ]
INFO: [ view_parse ] --END-- [ RunTime:0.005812s ]
INFO: [ view_filter ] --START--
INFO: Run Behavior\WriteHtmlCacheBehavior [ RunTime:0.000427s ]
INFO: [ view_filter ] --END-- [ RunTime:0.000449s ]
INFO: [ app_end ] --START--
INFO: Run Behavior\ShowPageTraceBehavior [ RunTime:0.000654s ]
INFO: [ app_end ] --END-- [ RunTime:0.000677s ]

[ 2019-07-11T14:48:41+08:00 ] 127.0.0.1 /admin.php/test/zuobiao.html
INFO: [ app_init ] --START--
INFO: Run Behavior\BuildLiteBehavior [ RunTime:0.000009s ]
INFO: [ app_init ] --END-- [ RunTime:0.000436s ]
INFO: [ app_begin ] --START--
INFO: Run Behavior\ReadHtmlCacheBehavior [ RunTime:0.000470s ]
INFO: [ app_begin ] --END-- [ RunTime:0.000498s ]

[ 2019-07-11T15:08:50+08:00 ] 127.0.0.1 /admin.php/test/zuobiao.html
INFO: [ app_init ] --START--
INFO: Run Behavior\BuildLiteBehavior [ RunTime:0.000009s ]
INFO: [ app_init ] --END-- [ RunTime:0.000514s ]
INFO: [ app_begin ] --START--
INFO: Run Behavior\ReadHtmlCacheBehavior [ RunTime:0.000672s ]
INFO: [ app_begin ] --END-- [ RunTime:0.000702s ]
ERR: 模板不存在:./Application/Admin/View/Test/zuobiao.html

[ 2019-07-11T15:09:03+08:00 ] 127.0.0.1 /admin.php/Zuobiao/zuobiao.html
INFO: [ app_init ] --START--
INFO: Run Behavior\BuildLiteBehavior [ RunTime:0.000009s ]
INFO: [ app_init ] --END-- [ RunTime:0.000460s ]
INFO: [ app_begin ] --START--
INFO: Run Behavior\ReadHtmlCacheBehavior [ RunTime:0.001174s ]
INFO: [ app_begin ] --END-- [ RunTime:0.001210s ]
ERR: Call to undefined method Admin\Controller\ZuobiaoController::display()

[ 2019-07-11T15:09:30+08:00 ] 127.0.0.1 /admin.php/Zuobiao/zuobiao.html
INFO: [ app_init ] --START--
INFO: Run Behavior\BuildLiteBehavior [ RunTime:0.000007s ]
INFO: [ app_init ] --END-- [ RunTime:0.000352s ]
INFO: [ app_begin ] --START--
INFO: Run Behavior\ReadHtmlCacheBehavior [ RunTime:0.000426s ]
INFO: [ app_begin ] --END-- [ RunTime:0.000447s ]
INFO: [ view_parse ] --START--
INFO: [ template_filter ] --START--
INFO: Run Behavior\ContentReplaceBehavior [ RunTime:0.000019s ]
INFO: [ template_filter ] --END-- [ RunTime:0.000046s ]
INFO: Run Behavior\ParseTemplateBehavior [ RunTime:0.007457s ]
INFO: [ view_parse ] --END-- [ RunTime:0.007488s ]
INFO: [ view_filter ] --START--
INFO: Run Behavior\WriteHtmlCacheBehavior [ RunTime:0.000363s ]
INFO: [ view_filter ] --END-- [ RunTime:0.000382s ]
INFO: [ app_end ] --START--
INFO: Run Behavior\ShowPageTraceBehavior [ RunTime:0.000603s ]
INFO: [ app_end ] --END-- [ RunTime:0.000627s ]

[ 2019-07-11T15:09:49+08:00 ] 127.0.0.1 /admin.php/Zuobiao/zuobiao.html
INFO: [ app_init ] --START--
INFO: Run Behavior\BuildLiteBehavior [ RunTime:0.000007s ]
INFO: [ app_init ] --END-- [ RunTime:0.000388s ]
INFO: [ app_begin ] --START--
INFO: Run Behavior\ReadHtmlCacheBehavior [ RunTime:0.000547s ]
INFO: [ app_begin ] --END-- [ RunTime:0.000576s ]

[ 2019-07-11T15:11:46+08:00 ] 127.0.0.1 /admin.php/Zuobiao/zuobiao.html
INFO: [ app_init ] --START--
INFO: Run Behavior\BuildLiteBehavior [ RunTime:0.000007s ]
INFO: [ app_init ] --END-- [ RunTime:0.000366s ]
INFO: [ app_begin ] --START--
INFO: Run Behavior\ReadHtmlCacheBehavior [ RunTime:0.000619s ]
INFO: [ app_begin ] --END-- [ RunTime:0.000646s ]
NOTIC: [2] Invalid argument supplied for foreach() H:\www\ThinkPHPTest\Application\Admin\Controller\ZuobiaoController.class.php 第 53 行.
NOTIC: [2] Invalid argument supplied for foreach() H:\www\ThinkPHPTest\Application\Admin\Controller\ZuobiaoController.class.php 第 66 行.
NOTIC: [2] Invalid argument supplied for foreach() H:\www\ThinkPHPTest\Application\Admin\Controller\ZuobiaoController.class.php 第 79 行.
NOTIC: [2] Invalid argument supplied for foreach() H:\www\ThinkPHPTest\Application\Admin\Controller\ZuobiaoController.class.php 第 92 行.
NOTIC: [2] Invalid argument supplied for foreach() H:\www\ThinkPHPTest\Application\Admin\Controller\ZuobiaoController.class.php 第 53 行.
NOTIC: [2] Invalid argument supplied for foreach() H:\www\ThinkPHPTest\Application\Admin\Controller\ZuobiaoController.class.php 第 66 行.
NOTIC: [2] Invalid argument supplied for foreach() H:\www\ThinkPHPTest\Application\Admin\Controller\ZuobiaoController.class.php 第 79 行.
NOTIC: [2] Invalid argument supplied for foreach() H:\www\ThinkPHPTest\Application\Admin\Controller\ZuobiaoController.class.php 第 92 行.
NOTIC: [2] Invalid argument supplied for foreach() H:\www\ThinkPHPTest\Application\Admin\Controller\ZuobiaoController.class.php 第 53 行.
NOTIC: [2] Invalid argument supplied for foreach() H:\www\ThinkPHPTest\Application\Admin\Controller\ZuobiaoController.class.php 第 66 行.
NOTIC: [2] Invalid argument supplied for foreach() H:\www\ThinkPHPTest\Application\Admin\Controller\ZuobiaoController.class.php 第 79 行.
NOTIC: [2] Invalid argument supplied for foreach() H:\www\ThinkPHPTest\Application\Admin\Controller\ZuobiaoController.class.php 第 92 行.
NOTIC: [2] Invalid argument supplied for foreach() H:\www\ThinkPHPTest\Application\Admin\Controller\ZuobiaoController.class.php 第 53 行.
NOTIC: [2] Invalid argument supplied for foreach() H:\www\ThinkPHPTest\Application\Admin\Controller\ZuobiaoController.class.php 第 66 行.
NOTIC: [2] Invalid argument supplied for foreach() H:\www\ThinkPHPTest\Application\Admin\Controller\ZuobiaoController.class.php 第 79 行.
NOTIC: [2] Invalid argument supplied for foreach() H:\www\ThinkPHPTest\Application\Admin\Controller\ZuobiaoController.class.php 第 92 行.

[ 2019-07-11T15:12:57+08:00 ] 127.0.0.1 /admin.php/Zuobiao/zuobiao.html
INFO: [ app_init ] --START--
INFO: Run Behavior\BuildLiteBehavior [ RunTime:0.000006s ]
INFO: [ app_init ] --END-- [ RunTime:0.000317s ]
INFO: [ app_begin ] --START--
INFO: Run Behavior\ReadHtmlCacheBehavior [ RunTime:0.000419s ]
INFO: [ app_begin ] --END-- [ RunTime:0.000442s ]

[ 2019-07-11T15:15:55+08:00 ] 127.0.0.1 /admin.php/Zuobiao/zuobiao.html
INFO: [ app_init ] --START--
INFO: Run Behavior\BuildLiteBehavior [ RunTime:0.000007s ]
INFO: [ app_init ] --END-- [ RunTime:0.000450s ]
INFO: [ app_begin ] --START--
INFO: Run Behavior\ReadHtmlCacheBehavior [ RunTime:0.000783s ]
INFO: [ app_begin ] --END-- [ RunTime:0.001937s ]
INFO: [ view_parse ] --START--
INFO: [ template_filter ] --START--
INFO: Run Behavior\ContentReplaceBehavior [ RunTime:0.000020s ]
INFO: [ template_filter ] --END-- [ RunTime:0.000049s ]
INFO: Run Behavior\ParseTemplateBehavior [ RunTime:0.006978s ]
INFO: [ view_parse ] --END-- [ RunTime:0.007012s ]
INFO: [ view_filter ] --START--
INFO: Run Behavior\WriteHtmlCacheBehavior [ RunTime:0.000364s ]
INFO: [ view_filter ] --END-- [ RunTime:0.000382s ]
INFO: [ app_end ] --START--
INFO: Run Behavior\ShowPageTraceBehavior [ RunTime:0.000547s ]
INFO: [ app_end ] --END-- [ RunTime:0.000569s ]

[ 2019-07-11T15:16:00+08:00 ] 127.0.0.1 /admin.php/Zuobiao/zuobiao.html
INFO: [ app_init ] --START--
INFO: Run Behavior\BuildLiteBehavior [ RunTime:0.000009s ]
INFO: [ app_init ] --END-- [ RunTime:0.001169s ]
INFO: [ app_begin ] --START--
INFO: Run Behavior\ReadHtmlCacheBehavior [ RunTime:0.000684s ]
INFO: [ app_begin ] --END-- [ RunTime:0.000719s ]

[ 2019-07-11T15:18:10+08:00 ] 127.0.0.1 /admin.php/Zuobiao/zuobiao.html
INFO: [ app_init ] --START--
INFO: Run Behavior\BuildLiteBehavior [ RunTime:0.000011s ]
INFO: [ app_init ] --END-- [ RunTime:0.000502s ]
INFO: [ app_begin ] --START--
INFO: Run Behavior\ReadHtmlCacheBehavior [ RunTime:0.000448s ]
INFO: [ app_begin ] --END-- [ RunTime:0.000471s ]

[ 2019-07-11T15:18:27+08:00 ] 127.0.0.1 /admin.php/Zuobiao/zuobiao.html
INFO: [ app_init ] --START--
INFO: Run Behavior\BuildLiteBehavior [ RunTime:0.000010s ]
INFO: [ app_init ] --END-- [ RunTime:0.000636s ]
INFO: [ app_begin ] --START--
INFO: Run Behavior\ReadHtmlCacheBehavior [ RunTime:0.000649s ]
INFO: [ app_begin ] --END-- [ RunTime:0.000690s ]
INFO: [ view_parse ] --START--
INFO: [ template_filter ] --START--
INFO: Run Behavior\ContentReplaceBehavior [ RunTime:0.000013s ]
INFO: [ template_filter ] --END-- [ RunTime:0.000040s ]
INFO: Run Behavior\ParseTemplateBehavior [ RunTime:0.005343s ]
INFO: [ view_parse ] --END-- [ RunTime:0.005377s ]
INFO: [ view_filter ] --START--
INFO: Run Behavior\WriteHtmlCacheBehavior [ RunTime:0.005084s ]
INFO: [ view_filter ] --END-- [ RunTime:0.005109s ]
INFO: [ app_end ] --START--
INFO: Run Behavior\ShowPageTraceBehavior [ RunTime:0.025537s ]
INFO: [ app_end ] --END-- [ RunTime:0.025564s ]

[ 2019-07-11T15:18:39+08:00 ] 127.0.0.1 /admin.php/Zuobiao/zuobiao.html
INFO: [ app_init ] --START--
INFO: Run Behavior\BuildLiteBehavior [ RunTime:0.000007s ]
INFO: [ app_init ] --END-- [ RunTime:0.000342s ]
INFO: [ app_begin ] --START--
INFO: Run Behavior\ReadHtmlCacheBehavior [ RunTime:0.000480s ]
INFO: [ app_begin ] --END-- [ RunTime:0.000506s ]
NOTIC: [2] Invalid argument supplied for foreach() H:\www\ThinkPHPTest\Application\Admin\Controller\ZuobiaoController.class.php 第 61 行.
NOTIC: [2] Invalid argument supplied for foreach() H:\www\ThinkPHPTest\Application\Admin\Controller\ZuobiaoController.class.php 第 74 行.
NOTIC: [2] Invalid argument supplied for foreach() H:\www\ThinkPHPTest\Application\Admin\Controller\ZuobiaoController.class.php 第 87 行.
NOTIC: [2] Invalid argument supplied for foreach() H:\www\ThinkPHPTest\Application\Admin\Controller\ZuobiaoController.class.php 第 100 行.
NOTIC: [2] Invalid argument supplied for foreach() H:\www\ThinkPHPTest\Application\Admin\Controller\ZuobiaoController.class.php 第 61 行.
NOTIC: [2] Invalid argument supplied for foreach() H:\www\ThinkPHPTest\Application\Admin\Controller\ZuobiaoController.class.php 第 74 行.
NOTIC: [2] Invalid argument supplied for foreach() H:\www\ThinkPHPTest\Application\Admin\Controller\ZuobiaoController.class.php 第 87 行.
NOTIC: [2] Invalid argument supplied for foreach() H:\www\ThinkPHPTest\Application\Admin\Controller\ZuobiaoController.class.php 第 100 行.
NOTIC: [2] Invalid argument supplied for foreach() H:\www\ThinkPHPTest\Application\Admin\Controller\ZuobiaoController.class.php 第 61 行.
NOTIC: [2] Invalid argument supplied for foreach() H:\www\ThinkPHPTest\Application\Admin\Controller\ZuobiaoController.class.php 第 74 行.
NOTIC: [2] Invalid argument supplied for foreach() H:\www\ThinkPHPTest\Application\Admin\Controller\ZuobiaoController.class.php 第 87 行.
NOTIC: [2] Invalid argument supplied for foreach() H:\www\ThinkPHPTest\Application\Admin\Controller\ZuobiaoController.class.php 第 100 行.
NOTIC: [2] Invalid argument supplied for foreach() H:\www\ThinkPHPTest\Application\Admin\Controller\ZuobiaoController.class.php 第 61 行.
NOTIC: [2] Invalid argument supplied for foreach() H:\www\ThinkPHPTest\Application\Admin\Controller\ZuobiaoController.class.php 第 74 行.
NOTIC: [2] Invalid argument supplied for foreach() H:\www\ThinkPHPTest\Application\Admin\Controller\ZuobiaoController.class.php 第 87 行.
NOTIC: [2] Invalid argument supplied for foreach() H:\www\ThinkPHPTest\Application\Admin\Controller\ZuobiaoController.class.php 第 100 行.

[ 2019-07-11T15:19:28+08:00 ] 127.0.0.1 /admin.php/Zuobiao/zuobiao.html
INFO: [ app_init ] --START--
INFO: Run Behavior\BuildLiteBehavior [ RunTime:0.000008s ]
INFO: [ app_init ] --END-- [ RunTime:0.000424s ]
INFO: [ app_begin ] --START--
INFO: Run Behavior\ReadHtmlCacheBehavior [ RunTime:0.000643s ]
INFO: [ app_begin ] --END-- [ RunTime:0.000670s ]
NOTIC: [8] Undefined variable: arr H:\www\ThinkPHPTest\Application\Admin\Controller\ZuobiaoController.class.php 第 61 行.
NOTIC: [2] Invalid argument supplied for foreach() H:\www\ThinkPHPTest\Application\Admin\Controller\ZuobiaoController.class.php 第 61 行.
NOTIC: [8] Undefined variable: arr H:\www\ThinkPHPTest\Application\Admin\Controller\ZuobiaoController.class.php 第 74 行.
NOTIC: [2] Invalid argument supplied for foreach() H:\www\ThinkPHPTest\Application\Admin\Controller\ZuobiaoController.class.php 第 74 行.
NOTIC: [8] Undefined variable: arr H:\www\ThinkPHPTest\Application\Admin\Controller\ZuobiaoController.class.php 第 87 行.
NOTIC: [2] Invalid argument supplied for foreach() H:\www\ThinkPHPTest\Application\Admin\Controller\ZuobiaoController.class.php 第 87 行.
NOTIC: [8] Undefined variable: arr H:\www\ThinkPHPTest\Application\Admin\Controller\ZuobiaoController.class.php 第 100 行.
NOTIC: [2] Invalid argument supplied for foreach() H:\www\ThinkPHPTest\Application\Admin\Controller\ZuobiaoController.class.php 第 100 行.
NOTIC: [8] Undefined variable: arr H:\www\ThinkPHPTest\Application\Admin\Controller\ZuobiaoController.class.php 第 61 行.
NOTIC: [2] Invalid argument supplied for foreach() H:\www\ThinkPHPTest\Application\Admin\Controller\ZuobiaoController.class.php 第 61 行.
NOTIC: [8] Undefined variable: arr H:\www\ThinkPHPTest\Application\Admin\Controller\ZuobiaoController.class.php 第 74 行.
NOTIC: [2] Invalid argument supplied for foreach() H:\www\ThinkPHPTest\Application\Admin\Controller\ZuobiaoController.class.php 第 74 行.
NOTIC: [8] Undefined variable: arr H:\www\ThinkPHPTest\Application\Admin\Controller\ZuobiaoController.class.php 第 87 行.
NOTIC: [2] Invalid argument supplied for foreach() H:\www\ThinkPHPTest\Application\Admin\Controller\ZuobiaoController.class.php 第 87 行.
NOTIC: [8] Undefined variable: arr H:\www\ThinkPHPTest\Application\Admin\Controller\ZuobiaoController.class.php 第 100 行.
NOTIC: [2] Invalid argument supplied for foreach() H:\www\ThinkPHPTest\Application\Admin\Controller\ZuobiaoController.class.php 第 100 行.
NOTIC: [8] Undefined variable: arr H:\www\ThinkPHPTest\Application\Admin\Controller\ZuobiaoController.class.php 第 61 行.
NOTIC: [2] Invalid argument supplied for foreach() H:\www\ThinkPHPTest\Application\Admin\Controller\ZuobiaoController.class.php 第 61 行.
NOTIC: [8] Undefined variable: arr H:\www\ThinkPHPTest\Application\Admin\Controller\ZuobiaoController.class.php 第 74 行.
NOTIC: [2] Invalid argument supplied for foreach() H:\www\ThinkPHPTest\Application\Admin\Controller\ZuobiaoController.class.php 第 74 行.
NOTIC: [8] Undefined variable: arr H:\www\ThinkPHPTest\Application\Admin\Controller\ZuobiaoController.class.php 第 87 行.
NOTIC: [2] Invalid argument supplied for foreach() H:\www\ThinkPHPTest\Application\Admin\Controller\ZuobiaoController.class.php 第 87 行.
NOTIC: [8] Undefined variable: arr H:\www\ThinkPHPTest\Application\Admin\Controller\ZuobiaoController.class.php 第 100 行.
NOTIC: [2] Invalid argument supplied for foreach() H:\www\ThinkPHPTest\Application\Admin\Controller\ZuobiaoController.class.php 第 100 行.
NOTIC: [8] Undefined variable: arr H:\www\ThinkPHPTest\Application\Admin\Controller\ZuobiaoController.class.php 第 61 行.
NOTIC: [2] Invalid argument supplied for foreach() H:\www\ThinkPHPTest\Application\Admin\Controller\ZuobiaoController.class.php 第 61 行.
NOTIC: [8] Undefined variable: arr H:\www\ThinkPHPTest\Application\Admin\Controller\ZuobiaoController.class.php 第 74 行.
NOTIC: [2] Invalid argument supplied for foreach() H:\www\ThinkPHPTest\Application\Admin\Controller\ZuobiaoController.class.php 第 74 行.
NOTIC: [8] Undefined variable: arr H:\www\ThinkPHPTest\Application\Admin\Controller\ZuobiaoController.class.php 第 87 行.
NOTIC: [2] Invalid argument supplied for foreach() H:\www\ThinkPHPTest\Application\Admin\Controller\ZuobiaoController.class.php 第 87 行.
NOTIC: [8] Undefined variable: arr H:\www\ThinkPHPTest\Application\Admin\Controller\ZuobiaoController.class.php 第 100 行.
NOTIC: [2] Invalid argument supplied for foreach() H:\www\ThinkPHPTest\Application\Admin\Controller\ZuobiaoController.class.php 第 100 行.

[ 2019-07-11T15:19:30+08:00 ] 127.0.0.1 /admin.php/Zuobiao/zuobiao.html
INFO: [ app_init ] --START--
INFO: Run Behavior\BuildLiteBehavior [ RunTime:0.000007s ]
INFO: [ app_init ] --END-- [ RunTime:0.000357s ]
INFO: [ app_begin ] --START--
INFO: Run Behavior\ReadHtmlCacheBehavior [ RunTime:0.000637s ]
INFO: [ app_begin ] --END-- [ RunTime:0.000683s ]
NOTIC: [8] Undefined variable: arr H:\www\ThinkPHPTest\Application\Admin\Controller\ZuobiaoController.class.php 第 61 行.
NOTIC: [2] Invalid argument supplied for foreach() H:\www\ThinkPHPTest\Application\Admin\Controller\ZuobiaoController.class.php 第 61 行.
NOTIC: [8] Undefined variable: arr H:\www\ThinkPHPTest\Application\Admin\Controller\ZuobiaoController.class.php 第 74 行.
NOTIC: [2] Invalid argument supplied for foreach() H:\www\ThinkPHPTest\Application\Admin\Controller\ZuobiaoController.class.php 第 74 行.
NOTIC: [8] Undefined variable: arr H:\www\ThinkPHPTest\Application\Admin\Controller\ZuobiaoController.class.php 第 87 行.
NOTIC: [2] Invalid argument supplied for foreach() H:\www\ThinkPHPTest\Application\Admin\Controller\ZuobiaoController.class.php 第 87 行.
NOTIC: [8] Undefined variable: arr H:\www\ThinkPHPTest\Application\Admin\Controller\ZuobiaoController.class.php 第 100 行.
NOTIC: [2] Invalid argument supplied for foreach() H:\www\ThinkPHPTest\Application\Admin\Controller\ZuobiaoController.class.php 第 100 行.
NOTIC: [8] Undefined variable: arr H:\www\ThinkPHPTest\Application\Admin\Controller\ZuobiaoController.class.php 第 61 行.
NOTIC: [2] Invalid argument supplied for foreach() H:\www\ThinkPHPTest\Application\Admin\Controller\ZuobiaoController.class.php 第 61 行.
NOTIC: [8] Undefined variable: arr H:\www\ThinkPHPTest\Application\Admin\Controller\ZuobiaoController.class.php 第 74 行.
NOTIC: [2] Invalid argument supplied for foreach() H:\www\ThinkPHPTest\Application\Admin\Controller\ZuobiaoController.class.php 第 74 行.
NOTIC: [8] Undefined variable: arr H:\www\ThinkPHPTest\Application\Admin\Controller\ZuobiaoController.class.php 第 87 行.
NOTIC: [2] Invalid argument supplied for foreach() H:\www\ThinkPHPTest\Application\Admin\Controller\ZuobiaoController.class.php 第 87 行.
NOTIC: [8] Undefined variable: arr H:\www\ThinkPHPTest\Application\Admin\Controller\ZuobiaoController.class.php 第 100 行.
NOTIC: [2] Invalid argument supplied for foreach() H:\www\ThinkPHPTest\Application\Admin\Controller\ZuobiaoController.class.php 第 100 行.
NOTIC: [8] Undefined variable: arr H:\www\ThinkPHPTest\Application\Admin\Controller\ZuobiaoController.class.php 第 61 行.
NOTIC: [2] Invalid argument supplied for foreach() H:\www\ThinkPHPTest\Application\Admin\Controller\ZuobiaoController.class.php 第 61 行.
NOTIC: [8] Undefined variable: arr H:\www\ThinkPHPTest\Application\Admin\Controller\ZuobiaoController.class.php 第 74 行.
NOTIC: [2] Invalid argument supplied for foreach() H:\www\ThinkPHPTest\Application\Admin\Controller\ZuobiaoController.class.php 第 74 行.
NOTIC: [8] Undefined variable: arr H:\www\ThinkPHPTest\Application\Admin\Controller\ZuobiaoController.class.php 第 87 行.
NOTIC: [2] Invalid argument supplied for foreach() H:\www\ThinkPHPTest\Application\Admin\Controller\ZuobiaoController.class.php 第 87 行.
NOTIC: [8] Undefined variable: arr H:\www\ThinkPHPTest\Application\Admin\Controller\ZuobiaoController.class.php 第 100 行.
NOTIC: [2] Invalid argument supplied for foreach() H:\www\ThinkPHPTest\Application\Admin\Controller\ZuobiaoController.class.php 第 100 行.
NOTIC: [8] Undefined variable: arr H:\www\ThinkPHPTest\Application\Admin\Controller\ZuobiaoController.class.php 第 61 行.
NOTIC: [2] Invalid argument supplied for foreach() H:\www\ThinkPHPTest\Application\Admin\Controller\ZuobiaoController.class.php 第 61 行.
NOTIC: [8] Undefined variable: arr H:\www\ThinkPHPTest\Application\Admin\Controller\ZuobiaoController.class.php 第 74 行.
NOTIC: [2] Invalid argument supplied for foreach() H:\www\ThinkPHPTest\Application\Admin\Controller\ZuobiaoController.class.php 第 74 行.
NOTIC: [8] Undefined variable: arr H:\www\ThinkPHPTest\Application\Admin\Controller\ZuobiaoController.class.php 第 87 行.
NOTIC: [2] Invalid argument supplied for foreach() H:\www\ThinkPHPTest\Application\Admin\Controller\ZuobiaoController.class.php 第 87 行.
NOTIC: [8] Undefined variable: arr H:\www\ThinkPHPTest\Application\Admin\Controller\ZuobiaoController.class.php 第 100 行.
NOTIC: [2] Invalid argument supplied for foreach() H:\www\ThinkPHPTest\Application\Admin\Controller\ZuobiaoController.class.php 第 100 行.

[ 2019-07-11T15:19:31+08:00 ] 127.0.0.1 /admin.php/Zuobiao/zuobiao.html
INFO: [ app_init ] --START--
INFO: Run Behavior\BuildLiteBehavior [ RunTime:0.000009s ]
INFO: [ app_init ] --END-- [ RunTime:0.000422s ]
INFO: [ app_begin ] --START--
INFO: Run Behavior\ReadHtmlCacheBehavior [ RunTime:0.000714s ]
INFO: [ app_begin ] --END-- [ RunTime:0.000744s ]
NOTIC: [8] Undefined variable: arr H:\www\ThinkPHPTest\Application\Admin\Controller\ZuobiaoController.class.php 第 61 行.
NOTIC: [2] Invalid argument supplied for foreach() H:\www\ThinkPHPTest\Application\Admin\Controller\ZuobiaoController.class.php 第 61 行.
NOTIC: [8] Undefined variable: arr H:\www\ThinkPHPTest\Application\Admin\Controller\ZuobiaoController.class.php 第 74 行.
NOTIC: [2] Invalid argument supplied for foreach() H:\www\ThinkPHPTest\Application\Admin\Controller\ZuobiaoController.class.php 第 74 行.
NOTIC: [8] Undefined variable: arr H:\www\ThinkPHPTest\Application\Admin\Controller\ZuobiaoController.class.php 第 87 行.
NOTIC: [2] Invalid argument supplied for foreach() H:\www\ThinkPHPTest\Application\Admin\Controller\ZuobiaoController.class.php 第 87 行.
NOTIC: [8] Undefined variable: arr H:\www\ThinkPHPTest\Application\Admin\Controller\ZuobiaoController.class.php 第 100 行.
NOTIC: [2] Invalid argument supplied for foreach() H:\www\ThinkPHPTest\Application\Admin\Controller\ZuobiaoController.class.php 第 100 行.
NOTIC: [8] Undefined variable: arr H:\www\ThinkPHPTest\Application\Admin\Controller\ZuobiaoController.class.php 第 61 行.
NOTIC: [2] Invalid argument supplied for foreach() H:\www\ThinkPHPTest\Application\Admin\Controller\ZuobiaoController.class.php 第 61 行.
NOTIC: [8] Undefined variable: arr H:\www\ThinkPHPTest\Application\Admin\Controller\ZuobiaoController.class.php 第 74 行.
NOTIC: [2] Invalid argument supplied for foreach() H:\www\ThinkPHPTest\Application\Admin\Controller\ZuobiaoController.class.php 第 74 行.
NOTIC: [8] Undefined variable: arr H:\www\ThinkPHPTest\Application\Admin\Controller\ZuobiaoController.class.php 第 87 行.
NOTIC: [2] Invalid argument supplied for foreach() H:\www\ThinkPHPTest\Application\Admin\Controller\ZuobiaoController.class.php 第 87 行.
NOTIC: [8] Undefined variable: arr H:\www\ThinkPHPTest\Application\Admin\Controller\ZuobiaoController.class.php 第 100 行.
NOTIC: [2] Invalid argument supplied for foreach() H:\www\ThinkPHPTest\Application\Admin\Controller\ZuobiaoController.class.php 第 100 行.
NOTIC: [8] Undefined variable: arr H:\www\ThinkPHPTest\Application\Admin\Controller\ZuobiaoController.class.php 第 61 行.
NOTIC: [2] Invalid argument supplied for foreach() H:\www\ThinkPHPTest\Application\Admin\Controller\ZuobiaoController.class.php 第 61 行.
NOTIC: [8] Undefined variable: arr H:\www\ThinkPHPTest\Application\Admin\Controller\ZuobiaoController.class.php 第 74 行.
NOTIC: [2] Invalid argument supplied for foreach() H:\www\ThinkPHPTest\Application\Admin\Controller\ZuobiaoController.class.php 第 74 行.
NOTIC: [8] Undefined variable: arr H:\www\ThinkPHPTest\Application\Admin\Controller\ZuobiaoController.class.php 第 87 行.
NOTIC: [2] Invalid argument supplied for foreach() H:\www\ThinkPHPTest\Application\Admin\Controller\ZuobiaoController.class.php 第 87 行.
NOTIC: [8] Undefined variable: arr H:\www\ThinkPHPTest\Application\Admin\Controller\ZuobiaoController.class.php 第 100 行.
NOTIC: [2] Invalid argument supplied for foreach() H:\www\ThinkPHPTest\Application\Admin\Controller\ZuobiaoController.class.php 第 100 行.
NOTIC: [8] Undefined variable: arr H:\www\ThinkPHPTest\Application\Admin\Controller\ZuobiaoController.class.php 第 61 行.
NOTIC: [2] Invalid argument supplied for foreach() H:\www\ThinkPHPTest\Application\Admin\Controller\ZuobiaoController.class.php 第 61 行.
NOTIC: [8] Undefined variable: arr H:\www\ThinkPHPTest\Application\Admin\Controller\ZuobiaoController.class.php 第 74 行.
NOTIC: [2] Invalid argument supplied for foreach() H:\www\ThinkPHPTest\Application\Admin\Controller\ZuobiaoController.class.php 第 74 行.
NOTIC: [8] Undefined variable: arr H:\www\ThinkPHPTest\Application\Admin\Controller\ZuobiaoController.class.php 第 87 行.
NOTIC: [2] Invalid argument supplied for foreach() H:\www\ThinkPHPTest\Application\Admin\Controller\ZuobiaoController.class.php 第 87 行.
NOTIC: [8] Undefined variable: arr H:\www\ThinkPHPTest\Application\Admin\Controller\ZuobiaoController.class.php 第 100 行.
NOTIC: [2] Invalid argument supplied for foreach() H:\www\ThinkPHPTest\Application\Admin\Controller\ZuobiaoController.class.php 第 100 行.

[ 2019-07-11T15:19:48+08:00 ] 127.0.0.1 /admin.php/Zuobiao/zuobiao.html
INFO: [ app_init ] --START--
INFO: Run Behavior\BuildLiteBehavior [ RunTime:0.000006s ]
INFO: [ app_init ] --END-- [ RunTime:0.000336s ]
INFO: [ app_begin ] --START--
INFO: Run Behavior\ReadHtmlCacheBehavior [ RunTime:0.000469s ]
INFO: [ app_begin ] --END-- [ RunTime:0.000494s ]

[ 2019-07-11T15:28:08+08:00 ] 127.0.0.1 /admin.php/Zuobiao/setCoordArray
INFO: [ app_init ] --START--
INFO: Run Behavior\BuildLiteBehavior [ RunTime:0.000019s ]
INFO: [ app_init ] --END-- [ RunTime:0.000678s ]
INFO: [ app_begin ] --START--
INFO: Run Behavior\ReadHtmlCacheBehavior [ RunTime:0.000656s ]
INFO: [ app_begin ] --END-- [ RunTime:0.000692s ]
ERR: Class 'Admin\Controller\validationMap' not found

[ 2019-07-11T15:28:15+08:00 ] 127.0.0.1 /admin.php/Zuobiao
INFO: [ app_init ] --START--
INFO: Run Behavior\BuildLiteBehavior [ RunTime:0.000008s ]
INFO: [ app_init ] --END-- [ RunTime:0.000473s ]
INFO: [ app_begin ] --START--
INFO: Run Behavior\ReadHtmlCacheBehavior [ RunTime:0.000709s ]
INFO: [ app_begin ] --END-- [ RunTime:0.000737s ]
ERR: Class 'Admin\Controller\validationMap' not found

[ 2019-07-11T16:39:14+08:00 ] 127.0.0.1 /admin.php/Zuobiao/zuobiao.html
INFO: [ app_init ] --START--
INFO: Run Behavior\BuildLiteBehavior [ RunTime:0.000010s ]
INFO: [ app_init ] --END-- [ RunTime:0.000685s ]
INFO: [ app_begin ] --START--
INFO: Run Behavior\ReadHtmlCacheBehavior [ RunTime:0.000847s ]
INFO: [ app_begin ] --END-- [ RunTime:0.000879s ]
ERR: Class 'Admin\Controller\validationMap' not found

[ 2019-07-11T16:39:36+08:00 ] 127.0.0.1 /admin.php/Zuobiao/zuobiao.html
INFO: [ app_init ] --START--
INFO: Run Behavior\BuildLiteBehavior [ RunTime:0.000009s ]
INFO: [ app_init ] --END-- [ RunTime:0.000450s ]
INFO: [ app_begin ] --START--
INFO: Run Behavior\ReadHtmlCacheBehavior [ RunTime:0.000442s ]
INFO: [ app_begin ] --END-- [ RunTime:0.000463s ]
NOTIC: [8] Undefined index: lng H:\www\ThinkPHPTest\Application\Admin\Controller\ZuobiaoController.class.php 第 27 行.
NOTIC: [8] Undefined index: lng H:\www\ThinkPHPTest\Application\Admin\Controller\ZuobiaoController.class.php 第 28 行.
NOTIC: [8] Undefined index: lng H:\www\ThinkPHPTest\Application\Admin\Controller\ZuobiaoController.class.php 第 28 行.
NOTIC: [8] Undefined index: lat H:\www\ThinkPHPTest\Application\Admin\Controller\ZuobiaoController.class.php 第 29 行.
NOTIC: [8] Undefined index: lat H:\www\ThinkPHPTest\Application\Admin\Controller\ZuobiaoController.class.php 第 30 行.
NOTIC: [8] Undefined index: lat H:\www\ThinkPHPTest\Application\Admin\Controller\ZuobiaoController.class.php 第 30 行.
NOTIC: [8] Undefined index: lng H:\www\ThinkPHPTest\Application\Admin\Controller\ZuobiaoController.class.php 第 31 行.
NOTIC: [8] Undefined index: lat H:\www\ThinkPHPTest\Application\Admin\Controller\ZuobiaoController.class.php 第 32 行.
NOTIC: [8] Undefined index: lng H:\www\ThinkPHPTest\Application\Admin\Controller\ZuobiaoController.class.php 第 27 行.
NOTIC: [8] Undefined index: lng H:\www\ThinkPHPTest\Application\Admin\Controller\ZuobiaoController.class.php 第 28 行.
NOTIC: [8] Undefined index: lat H:\www\ThinkPHPTest\Application\Admin\Controller\ZuobiaoController.class.php 第 29 行.
NOTIC: [8] Undefined index: lat H:\www\ThinkPHPTest\Application\Admin\Controller\ZuobiaoController.class.php 第 30 行.
NOTIC: [8] Undefined index: lng H:\www\ThinkPHPTest\Application\Admin\Controller\ZuobiaoController.class.php 第 31 行.
NOTIC: [8] Undefined index: lat H:\www\ThinkPHPTest\Application\Admin\Controller\ZuobiaoController.class.php 第 32 行.
NOTIC: [8] Undefined index: lng H:\www\ThinkPHPTest\Application\Admin\Controller\ZuobiaoController.class.php 第 27 行.
NOTIC: [8] Undefined index: lng H:\www\ThinkPHPTest\Application\Admin\Controller\ZuobiaoController.class.php 第 28 行.
NOTIC: [8] Undefined index: lat H:\www\ThinkPHPTest\Application\Admin\Controller\ZuobiaoController.class.php 第 29 行.
NOTIC: [8] Undefined index: lat H:\www\ThinkPHPTest\Application\Admin\Controller\ZuobiaoController.class.php 第 30 行.
NOTIC: [8] Undefined index: lng H:\www\ThinkPHPTest\Application\Admin\Controller\ZuobiaoController.class.php 第 31 行.
NOTIC: [8] Undefined index: lat H:\www\ThinkPHPTest\Application\Admin\Controller\ZuobiaoController.class.php 第 32 行.
NOTIC: [8] Undefined index: lng H:\www\ThinkPHPTest\Application\Admin\Controller\ZuobiaoController.class.php 第 27 行.
NOTIC: [8] Undefined index: lng H:\www\ThinkPHPTest\Application\Admin\Controller\ZuobiaoController.class.php 第 28 行.
NOTIC: [8] Undefined index: lat H:\www\ThinkPHPTest\Application\Admin\Controller\ZuobiaoController.class.php 第 29 行.
NOTIC: [8] Undefined index: lat H:\www\ThinkPHPTest\Application\Admin\Controller\ZuobiaoController.class.php 第 30 行.
NOTIC: [8] Undefined index: lng H:\www\ThinkPHPTest\Application\Admin\Controller\ZuobiaoController.class.php 第 31 行.
NOTIC: [8] Undefined index: lat H:\www\ThinkPHPTest\Application\Admin\Controller\ZuobiaoController.class.php 第 32 行.
NOTIC: [8] Undefined index: lng H:\www\ThinkPHPTest\Application\Admin\Controller\ZuobiaoController.class.php 第 34 行.
NOTIC: [8] Undefined index: lng H:\www\ThinkPHPTest\Application\Admin\Controller\ZuobiaoController.class.php 第 34 行.
NOTIC: [8] Undefined index: lat H:\www\ThinkPHPTest\Application\Admin\Controller\ZuobiaoController.class.php 第 34 行.
NOTIC: [8] Undefined index: lat H:\www\ThinkPHPTest\Application\Admin\Controller\ZuobiaoController.class.php 第 34 行.
NOTIC: [8] Undefined index: lng H:\www\ThinkPHPTest\Application\Admin\Controller\ZuobiaoController.class.php 第 40 行.
NOTIC: [8] Undefined index: lat H:\www\ThinkPHPTest\Application\Admin\Controller\ZuobiaoController.class.php 第 41 行.

[ 2019-07-11T16:40:40+08:00 ] 127.0.0.1 /admin.php/Zuobiao/zuobiao.html
INFO: [ app_init ] --START--
INFO: Run Behavior\BuildLiteBehavior [ RunTime:0.000009s ]
INFO: [ app_init ] --END-- [ RunTime:0.002527s ]
INFO: [ app_begin ] --START--
INFO: Run Behavior\ReadHtmlCacheBehavior [ RunTime:0.000868s ]
INFO: [ app_begin ] --END-- [ RunTime:0.000895s ]

[ 2019-07-11T16:42:58+08:00 ] 127.0.0.1 /admin.php/Zuobiao/zuobiao.html
INFO: [ app_init ] --START--
INFO: Run Behavior\BuildLiteBehavior [ RunTime:0.000007s ]
INFO: [ app_init ] --END-- [ RunTime:0.000401s ]
INFO: [ app_begin ] --START--
INFO: Run Behavior\ReadHtmlCacheBehavior [ RunTime:0.000447s ]
INFO: [ app_begin ] --END-- [ RunTime:0.000468s ]
NOTIC: [8] Undefined index: lng H:\www\ThinkPHPTest\Application\Admin\Controller\ZuobiaoController.class.php 第 28 行.
NOTIC: [8] Undefined index: lng H:\www\ThinkPHPTest\Application\Admin\Controller\ZuobiaoController.class.php 第 29 行.
NOTIC: [8] Undefined index: lng H:\www\ThinkPHPTest\Application\Admin\Controller\ZuobiaoController.class.php 第 29 行.
NOTIC: [8] Undefined index: lat H:\www\ThinkPHPTest\Application\Admin\Controller\ZuobiaoController.class.php 第 30 行.
NOTIC: [8] Undefined index: lat H:\www\ThinkPHPTest\Application\Admin\Controller\ZuobiaoController.class.php 第 31 行.
NOTIC: [8] Undefined index: lat H:\www\ThinkPHPTest\Application\Admin\Controller\ZuobiaoController.class.php 第 31 行.
NOTIC: [8] Undefined index: lng H:\www\ThinkPHPTest\Application\Admin\Controller\ZuobiaoController.class.php 第 32 行.
NOTIC: [8] Undefined index: lat H:\www\ThinkPHPTest\Application\Admin\Controller\ZuobiaoController.class.php 第 33 行.
NOTIC: [8] Undefined index: lng H:\www\ThinkPHPTest\Application\Admin\Controller\ZuobiaoController.class.php 第 28 行.
NOTIC: [8] Undefined index: lng H:\www\ThinkPHPTest\Application\Admin\Controller\ZuobiaoController.class.php 第 29 行.
NOTIC: [8] Undefined index: lat H:\www\ThinkPHPTest\Application\Admin\Controller\ZuobiaoController.class.php 第 30 行.
NOTIC: [8] Undefined index: lat H:\www\ThinkPHPTest\Application\Admin\Controller\ZuobiaoController.class.php 第 31 行.
NOTIC: [8] Undefined index: lng H:\www\ThinkPHPTest\Application\Admin\Controller\ZuobiaoController.class.php 第 32 行.
NOTIC: [8] Undefined index: lat H:\www\ThinkPHPTest\Application\Admin\Controller\ZuobiaoController.class.php 第 33 行.
NOTIC: [8] Undefined index: lng H:\www\ThinkPHPTest\Application\Admin\Controller\ZuobiaoController.class.php 第 28 行.
NOTIC: [8] Undefined index: lng H:\www\ThinkPHPTest\Application\Admin\Controller\ZuobiaoController.class.php 第 29 行.
NOTIC: [8] Undefined index: lat H:\www\ThinkPHPTest\Application\Admin\Controller\ZuobiaoController.class.php 第 30 行.
NOTIC: [8] Undefined index: lat H:\www\ThinkPHPTest\Application\Admin\Controller\ZuobiaoController.class.php 第 31 行.
NOTIC: [8] Undefined index: lng H:\www\ThinkPHPTest\Application\Admin\Controller\ZuobiaoController.class.php 第 32 行.
NOTIC: [8] Undefined index: lat H:\www\ThinkPHPTest\Application\Admin\Controller\ZuobiaoController.class.php 第 33 行.
NOTIC: [8] Undefined index: lng H:\www\ThinkPHPTest\Application\Admin\Controller\ZuobiaoController.class.php 第 28 行.
NOTIC: [8] Undefined index: lng H:\www\ThinkPHPTest\Application\Admin\Controller\ZuobiaoController.class.php 第 29 行.
NOTIC: [8] Undefined index: lat H:\www\ThinkPHPTest\Application\Admin\Controller\ZuobiaoController.class.php 第 30 行.
NOTIC: [8] Undefined index: lat H:\www\ThinkPHPTest\Application\Admin\Controller\ZuobiaoController.class.php 第 31 行.
NOTIC: [8] Undefined index: lng H:\www\ThinkPHPTest\Application\Admin\Controller\ZuobiaoController.class.php 第 32 行.
NOTIC: [8] Undefined index: lat H:\www\ThinkPHPTest\Application\Admin\Controller\ZuobiaoController.class.php 第 33 行.
NOTIC: [8] Undefined index: lng H:\www\ThinkPHPTest\Application\Admin\Controller\ZuobiaoController.class.php 第 35 行.
NOTIC: [8] Undefined index: lng H:\www\ThinkPHPTest\Application\Admin\Controller\ZuobiaoController.class.php 第 35 行.
NOTIC: [8] Undefined index: lat H:\www\ThinkPHPTest\Application\Admin\Controller\ZuobiaoController.class.php 第 35 行.
NOTIC: [8] Undefined index: lat H:\www\ThinkPHPTest\Application\Admin\Controller\ZuobiaoController.class.php 第 35 行.
NOTIC: [8] Undefined index: lng H:\www\ThinkPHPTest\Application\Admin\Controller\ZuobiaoController.class.php 第 41 行.
NOTIC: [8] Undefined index: lat H:\www\ThinkPHPTest\Application\Admin\Controller\ZuobiaoController.class.php 第 42 行.

[ 2019-07-11T16:44:31+08:00 ] 127.0.0.1 /admin.php/Zuobiao/zuobiao.html
INFO: [ app_init ] --START--
INFO: Run Behavior\BuildLiteBehavior [ RunTime:0.000006s ]
INFO: [ app_init ] --END-- [ RunTime:0.000332s ]
INFO: [ app_begin ] --START--
INFO: Run Behavior\ReadHtmlCacheBehavior [ RunTime:0.000534s ]
INFO: [ app_begin ] --END-- [ RunTime:0.000560s ]

[ 2019-07-11T16:48:38+08:00 ] 127.0.0.1 /admin.php/Zuobiao/arr
INFO: [ app_init ] --START--
INFO: Run Behavior\BuildLiteBehavior [ RunTime:0.000009s ]
INFO: [ app_init ] --END-- [ RunTime:0.000421s ]
INFO: [ app_begin ] --START--
INFO: Run Behavior\ReadHtmlCacheBehavior [ RunTime:0.000539s ]
INFO: [ app_begin ] --END-- [ RunTime:0.000569s ]

[ 2019-07-11T16:49:46+08:00 ] 127.0.0.1 /admin.php/Zuobiao/arr
INFO: [ app_init ] --START--
INFO: Run Behavior\BuildLiteBehavior [ RunTime:0.000008s ]
INFO: [ app_init ] --END-- [ RunTime:0.000416s ]
INFO: [ app_begin ] --START--
INFO: Run Behavior\ReadHtmlCacheBehavior [ RunTime:0.000946s ]
INFO: [ app_begin ] --END-- [ RunTime:0.000976s ]

[ 2019-07-11T16:50:51+08:00 ] 127.0.0.1 /admin.php/Zuobiao/arr
INFO: [ app_init ] --START--
INFO: Run Behavior\BuildLiteBehavior [ RunTime:0.000007s ]
INFO: [ app_init ] --END-- [ RunTime:0.000391s ]
INFO: [ app_begin ] --START--
INFO: Run Behavior\ReadHtmlCacheBehavior [ RunTime:0.000628s ]
INFO: [ app_begin ] --END-- [ RunTime:0.000658s ]

[ 2019-07-11T16:51:23+08:00 ] 127.0.0.1 /admin.php/Zuobiao/arr
INFO: [ app_init ] --START--
INFO: Run Behavior\BuildLiteBehavior [ RunTime:0.000008s ]
INFO: [ app_init ] --END-- [ RunTime:0.000371s ]
INFO: [ app_begin ] --START--
INFO: Run Behavior\ReadHtmlCacheBehavior [ RunTime:0.000646s ]
INFO: [ app_begin ] --END-- [ RunTime:0.000676s ]

[ 2019-07-11T16:51:37+08:00 ] 127.0.0.1 /admin.php/Zuobiao/arr
INFO: [ app_init ] --START--
INFO: Run Behavior\BuildLiteBehavior [ RunTime:0.000006s ]
INFO: [ app_init ] --END-- [ RunTime:0.000321s ]
INFO: [ app_begin ] --START--
INFO: Run Behavior\ReadHtmlCacheBehavior [ RunTime:0.000587s ]
INFO: [ app_begin ] --END-- [ RunTime:0.000615s ]

[ 2019-07-11T16:52:16+08:00 ] 127.0.0.1 /admin.php/Zuobiao/arr
INFO: [ app_init ] --START--
INFO: Run Behavior\BuildLiteBehavior [ RunTime:0.000007s ]
INFO: [ app_init ] --END-- [ RunTime:0.000378s ]
INFO: [ app_begin ] --START--
INFO: Run Behavior\ReadHtmlCacheBehavior [ RunTime:0.000460s ]
INFO: [ app_begin ] --END-- [ RunTime:0.000487s ]

[ 2019-07-11T16:52:30+08:00 ] 127.0.0.1 /admin.php/Zuobiao/arr
INFO: [ app_init ] --START--
INFO: Run Behavior\BuildLiteBehavior [ RunTime:0.000007s ]
INFO: [ app_init ] --END-- [ RunTime:0.000329s ]
INFO: [ app_begin ] --START--
INFO: Run Behavior\ReadHtmlCacheBehavior [ RunTime:0.000523s ]
INFO: [ app_begin ] --END-- [ RunTime:0.000554s ]

[ 2019-07-11T16:52:48+08:00 ] 127.0.0.1 /admin.php/Zuobiao/arr
INFO: [ app_init ] --START--
INFO: Run Behavior\BuildLiteBehavior [ RunTime:0.000007s ]
INFO: [ app_init ] --END-- [ RunTime:0.000418s ]
INFO: [ app_begin ] --START--
INFO: Run Behavior\ReadHtmlCacheBehavior [ RunTime:0.000502s ]
INFO: [ app_begin ] --END-- [ RunTime:0.000525s ]

[ 2019-07-11T16:53:01+08:00 ] 127.0.0.1 /admin.php/Zuobiao/arr
INFO: [ app_init ] --START--
INFO: Run Behavior\BuildLiteBehavior [ RunTime:0.000007s ]
INFO: [ app_init ] --END-- [ RunTime:0.000418s ]
INFO: [ app_begin ] --START--
INFO: Run Behavior\ReadHtmlCacheBehavior [ RunTime:0.000516s ]
INFO: [ app_begin ] --END-- [ RunTime:0.000541s ]

[ 2019-07-11T16:53:06+08:00 ] 127.0.0.1 /admin.php/Zuobiao/arr
INFO: [ app_init ] --START--
INFO: Run Behavior\BuildLiteBehavior [ RunTime:0.000007s ]
INFO: [ app_init ] --END-- [ RunTime:0.000315s ]
INFO: [ app_begin ] --START--
INFO: Run Behavior\ReadHtmlCacheBehavior [ RunTime:0.000517s ]
INFO: [ app_begin ] --END-- [ RunTime:0.000541s ]

[ 2019-07-11T16:56:39+08:00 ] 127.0.0.1 /admin.php/Zuobiao/test
INFO: [ app_init ] --START--
INFO: Run Behavior\BuildLiteBehavior [ RunTime:0.000008s ]
INFO: [ app_init ] --END-- [ RunTime:0.000521s ]
INFO: [ app_begin ] --START--
INFO: Run Behavior\ReadHtmlCacheBehavior [ RunTime:0.001535s ]
INFO: [ app_begin ] --END-- [ RunTime:0.001587s ]

[ 2019-07-11T16:57:30+08:00 ] 127.0.0.1 /admin.php/Zuobiao/test
INFO: [ app_init ] --START--
INFO: Run Behavior\BuildLiteBehavior [ RunTime:0.000007s ]
INFO: [ app_init ] --END-- [ RunTime:0.000393s ]
INFO: [ app_begin ] --START--
INFO: Run Behavior\ReadHtmlCacheBehavior [ RunTime:0.000468s ]
INFO: [ app_begin ] --END-- [ RunTime:0.000513s ]
INFO: [ app_end ] --START--
INFO: Run Behavior\ShowPageTraceBehavior [ RunTime:0.001710s ]
INFO: [ app_end ] --END-- [ RunTime:0.001757s ]

[ 2019-07-11T16:57:32+08:00 ] 127.0.0.1 /admin.php/Zuobiao/test
INFO: [ app_init ] --START--
INFO: Run Behavior\BuildLiteBehavior [ RunTime:0.000007s ]
INFO: [ app_init ] --END-- [ RunTime:0.000349s ]
INFO: [ app_begin ] --START--
INFO: Run Behavior\ReadHtmlCacheBehavior [ RunTime:0.000583s ]
INFO: [ app_begin ] --END-- [ RunTime:0.000611s ]
INFO: [ app_end ] --START--
INFO: Run Behavior\ShowPageTraceBehavior [ RunTime:0.000498s ]
INFO: [ app_end ] --END-- [ RunTime:0.000525s ]

[ 2019-07-11T16:58:24+08:00 ] 127.0.0.1 /admin.php/Zuobiao/test
INFO: [ app_init ] --START--
INFO: Run Behavior\BuildLiteBehavior [ RunTime:0.000010s ]
INFO: [ app_init ] --END-- [ RunTime:0.000501s ]
INFO: [ app_begin ] --START--
INFO: Run Behavior\ReadHtmlCacheBehavior [ RunTime:0.000593s ]
INFO: [ app_begin ] --END-- [ RunTime:0.000626s ]

[ 2019-07-11T16:58:37+08:00 ] 127.0.0.1 /admin.php/Zuobiao/test
INFO: [ app_init ] --START--
INFO: Run Behavior\BuildLiteBehavior [ RunTime:0.000006s ]
INFO: [ app_init ] --END-- [ RunTime:0.000315s ]
INFO: [ app_begin ] --START--
INFO: Run Behavior\ReadHtmlCacheBehavior [ RunTime:0.000702s ]
INFO: [ app_begin ] --END-- [ RunTime:0.000727s ]
INFO: [ app_end ] --START--
INFO: Run Behavior\ShowPageTraceBehavior [ RunTime:0.000634s ]
INFO: [ app_end ] --END-- [ RunTime:0.000661s ]

[ 2019-07-11T16:58:37+08:00 ] 127.0.0.1 /admin.php/Zuobiao/test
INFO: [ app_init ] --START--
INFO: Run Behavior\BuildLiteBehavior [ RunTime:0.000009s ]
INFO: [ app_init ] --END-- [ RunTime:0.000416s ]
INFO: [ app_begin ] --START--
INFO: Run Behavior\ReadHtmlCacheBehavior [ RunTime:0.000776s ]
INFO: [ app_begin ] --END-- [ RunTime:0.000807s ]
INFO: [ app_end ] --START--
INFO: Run Behavior\ShowPageTraceBehavior [ RunTime:0.000499s ]
INFO: [ app_end ] --END-- [ RunTime:0.000527s ]

[ 2019-07-11T16:59:43+08:00 ] 127.0.0.1 /admin.php/Zuobiao/zuobiao.html
INFO: [ app_init ] --START--
INFO: Run Behavior\BuildLiteBehavior [ RunTime:0.000007s ]
INFO: [ app_init ] --END-- [ RunTime:0.000425s ]
INFO: [ app_begin ] --START--
INFO: Run Behavior\ReadHtmlCacheBehavior [ RunTime:0.000556s ]
INFO: [ app_begin ] --END-- [ RunTime:0.000587s ]

[ 2019-07-11T16:59:56+08:00 ] 127.0.0.1 /admin.php/Zuobiao/zuobiao.html
INFO: [ app_init ] --START--
INFO: Run Behavior\BuildLiteBehavior [ RunTime:0.000008s ]
INFO: [ app_init ] --END-- [ RunTime:0.000355s ]
INFO: [ app_begin ] --START--
INFO: Run Behavior\ReadHtmlCacheBehavior [ RunTime:0.000561s ]
INFO: [ app_begin ] --END-- [ RunTime:0.000591s ]

[ 2019-07-11T17:00:41+08:00 ] 127.0.0.1 /admin.php/Zuobiao/zuobiao.html
INFO: [ app_init ] --START--
INFO: Run Behavior\BuildLiteBehavior [ RunTime:0.000008s ]
INFO: [ app_init ] --END-- [ RunTime:0.000413s ]
INFO: [ app_begin ] --START--
INFO: Run Behavior\ReadHtmlCacheBehavior [ RunTime:0.000579s ]
INFO: [ app_begin ] --END-- [ RunTime:0.000614s ]

[ 2019-07-11T17:00:48+08:00 ] 127.0.0.1 /admin.php/Zuobiao/zuobiao.html
INFO: [ app_init ] --START--
INFO: Run Behavior\BuildLiteBehavior [ RunTime:0.000007s ]
INFO: [ app_init ] --END-- [ RunTime:0.000358s ]
INFO: [ app_begin ] --START--
INFO: Run Behavior\ReadHtmlCacheBehavior [ RunTime:0.000570s ]
INFO: [ app_begin ] --END-- [ RunTime:0.000598s ]

[ 2019-07-11T17:01:55+08:00 ] 127.0.0.1 /admin.php/Zuobiao/zuobiao.html
INFO: [ app_init ] --START--
INFO: Run Behavior\BuildLiteBehavior [ RunTime:0.000008s ]
INFO: [ app_init ] --END-- [ RunTime:0.000466s ]
INFO: [ app_begin ] --START--
INFO: Run Behavior\ReadHtmlCacheBehavior [ RunTime:0.000542s ]
INFO: [ app_begin ] --END-- [ RunTime:0.000569s ]

[ 2019-07-11T17:02:05+08:00 ] 127.0.0.1 /admin.php/Zuobiao/zuobiao.html
INFO: [ app_init ] --START--
INFO: Run Behavior\BuildLiteBehavior [ RunTime:0.000007s ]
INFO: [ app_init ] --END-- [ RunTime:0.000364s ]
INFO: [ app_begin ] --START--
INFO: Run Behavior\ReadHtmlCacheBehavior [ RunTime:0.000548s ]
INFO: [ app_begin ] --END-- [ RunTime:0.000577s ]

[ 2019-07-11T17:02:07+08:00 ] 127.0.0.1 /admin.php/Zuobiao/zuobiao.html
INFO: [ app_init ] --START--
INFO: Run Behavior\BuildLiteBehavior [ RunTime:0.000009s ]
INFO: [ app_init ] --END-- [ RunTime:0.000468s ]
INFO: [ app_begin ] --START--
INFO: Run Behavior\ReadHtmlCacheBehavior [ RunTime:0.000625s ]
INFO: [ app_begin ] --END-- [ RunTime:0.000677s ]

[ 2019-07-11T17:02:31+08:00 ] 127.0.0.1 /admin.php/Zuobiao/zuobiao.html
INFO: [ app_init ] --START--
INFO: Run Behavior\BuildLiteBehavior [ RunTime:0.000007s ]
INFO: [ app_init ] --END-- [ RunTime:0.000361s ]
INFO: [ app_begin ] --START--
INFO: Run Behavior\ReadHtmlCacheBehavior [ RunTime:0.001053s ]
INFO: [ app_begin ] --END-- [ RunTime:0.001095s ]

[ 2019-07-11T17:02:48+08:00 ] 127.0.0.1 /admin.php/Zuobiao/zuobiao.html
INFO: [ app_init ] --START--
INFO: Run Behavior\BuildLiteBehavior [ RunTime:0.000006s ]
INFO: [ app_init ] --END-- [ RunTime:0.000336s ]
INFO: [ app_begin ] --START--
INFO: Run Behavior\ReadHtmlCacheBehavior [ RunTime:0.000555s ]
INFO: [ app_begin ] --END-- [ RunTime:0.000585s ]
NOTIC: [8] Undefined index: y H:\www\ThinkPHPTest\Application\Admin\Controller\ZuobiaoController.class.php 第 47 行.
INFO: [ app_end ] --START--
INFO: Run Behavior\ShowPageTraceBehavior [ RunTime:0.000586s ]
INFO: [ app_end ] --END-- [ RunTime:0.000613s ]

[ 2019-07-11T17:02:49+08:00 ] 127.0.0.1 /admin.php/Zuobiao/zuobiao.html
INFO: [ app_init ] --START--
INFO: Run Behavior\BuildLiteBehavior [ RunTime:0.000008s ]
INFO: [ app_init ] --END-- [ RunTime:0.000408s ]
INFO: [ app_begin ] --START--
INFO: Run Behavior\ReadHtmlCacheBehavior [ RunTime:0.000477s ]
INFO: [ app_begin ] --END-- [ RunTime:0.000502s ]
NOTIC: [8] Undefined index: y H:\www\ThinkPHPTest\Application\Admin\Controller\ZuobiaoController.class.php 第 47 行.
INFO: [ app_end ] --START--
INFO: Run Behavior\ShowPageTraceBehavior [ RunTime:0.000814s ]
INFO: [ app_end ] --END-- [ RunTime:0.000857s ]

[ 2019-07-11T17:04:12+08:00 ] 127.0.0.1 /admin.php/Zuobiao/zuobiao.html
INFO: [ app_init ] --START--
INFO: Run Behavior\BuildLiteBehavior [ RunTime:0.000005s ]
INFO: [ app_init ] --END-- [ RunTime:0.000536s ]
INFO: [ app_begin ] --START--
INFO: Run Behavior\ReadHtmlCacheBehavior [ RunTime:0.000558s ]
INFO: [ app_begin ] --END-- [ RunTime:0.000582s ]
NOTIC: [8] Undefined index: y H:\www\ThinkPHPTest\Application\Admin\Controller\ZuobiaoController.class.php 第 42 行.
INFO: [ app_end ] --START--
INFO: Run Behavior\ShowPageTraceBehavior [ RunTime:0.000907s ]
INFO: [ app_end ] --END-- [ RunTime:0.000932s ]

[ 2019-07-11T17:04:13+08:00 ] 127.0.0.1 /admin.php/Zuobiao/zuobiao.html
INFO: [ app_init ] --START--
INFO: Run Behavior\BuildLiteBehavior [ RunTime:0.000008s ]
INFO: [ app_init ] --END-- [ RunTime:0.000483s ]
INFO: [ app_begin ] --START--
INFO: Run Behavior\ReadHtmlCacheBehavior [ RunTime:0.000546s ]
INFO: [ app_begin ] --END-- [ RunTime:0.000576s ]
NOTIC: [8] Undefined index: y H:\www\ThinkPHPTest\Application\Admin\Controller\ZuobiaoController.class.php 第 42 行.
INFO: [ app_end ] --START--
INFO: Run Behavior\ShowPageTraceBehavior [ RunTime:0.000718s ]
INFO: [ app_end ] --END-- [ RunTime:0.000749s ]

[ 2019-07-11T17:04:13+08:00 ] 127.0.0.1 /admin.php/Zuobiao/zuobiao.html
INFO: [ app_init ] --START--
INFO: Run Behavior\BuildLiteBehavior [ RunTime:0.000014s ]
INFO: [ app_init ] --END-- [ RunTime:0.000618s ]
INFO: [ app_begin ] --START--
INFO: Run Behavior\ReadHtmlCacheBehavior [ RunTime:0.000793s ]
INFO: [ app_begin ] --END-- [ RunTime:0.000829s ]
NOTIC: [8] Undefined index: y H:\www\ThinkPHPTest\Application\Admin\Controller\ZuobiaoController.class.php 第 42 行.
INFO: [ app_end ] --START--
INFO: Run Behavior\ShowPageTraceBehavior [ RunTime:0.000748s ]
INFO: [ app_end ] --END-- [ RunTime:0.000775s ]

[ 2019-07-11T17:04:58+08:00 ] 127.0.0.1 /admin.php/Zuobiao/zuobiao.html
INFO: [ app_init ] --START--
INFO: Run Behavior\BuildLiteBehavior [ RunTime:0.000007s ]
INFO: [ app_init ] --END-- [ RunTime:0.000347s ]
INFO: [ app_begin ] --START--
INFO: Run Behavior\ReadHtmlCacheBehavior [ RunTime:0.000477s ]
INFO: [ app_begin ] --END-- [ RunTime:0.000505s ]
NOTIC: [8] Undefined index: y H:\www\ThinkPHPTest\Application\Admin\Controller\ZuobiaoController.class.php 第 42 行.
INFO: [ app_end ] --START--
INFO: Run Behavior\ShowPageTraceBehavior [ RunTime:0.000494s ]
INFO: [ app_end ] --END-- [ RunTime:0.000517s ]

[ 2019-07-11T17:04:59+08:00 ] 127.0.0.1 /admin.php/Zuobiao/zuobiao.html
INFO: [ app_init ] --START--
INFO: Run Behavior\BuildLiteBehavior [ RunTime:0.000007s ]
INFO: [ app_init ] --END-- [ RunTime:0.000361s ]
INFO: [ app_begin ] --START--
INFO: Run Behavior\ReadHtmlCacheBehavior [ RunTime:0.000649s ]
INFO: [ app_begin ] --END-- [ RunTime:0.000677s ]
NOTIC: [8] Undefined index: y H:\www\ThinkPHPTest\Application\Admin\Controller\ZuobiaoController.class.php 第 42 行.
INFO: [ app_end ] --START--
INFO: Run Behavior\ShowPageTraceBehavior [ RunTime:0.000746s ]
INFO: [ app_end ] --END-- [ RunTime:0.000774s ]

[ 2019-07-11T17:05:29+08:00 ] 127.0.0.1 /admin.php/Zuobiao/zuobiao.html
INFO: [ app_init ] --START--
INFO: Run Behavior\BuildLiteBehavior [ RunTime:0.000008s ]
INFO: [ app_init ] --END-- [ RunTime:0.000407s ]
INFO: [ app_begin ] --START--
INFO: Run Behavior\ReadHtmlCacheBehavior [ RunTime:0.000626s ]
INFO: [ app_begin ] --END-- [ RunTime:0.000656s ]

[ 2019-07-11T17:06:41+08:00 ] 127.0.0.1 /admin.php/Zuobiao/zuobiao.html
INFO: [ app_init ] --START--
INFO: Run Behavior\BuildLiteBehavior [ RunTime:0.000007s ]
INFO: [ app_init ] --END-- [ RunTime:0.000415s ]
INFO: [ app_begin ] --START--
INFO: Run Behavior\ReadHtmlCacheBehavior [ RunTime:0.000503s ]
INFO: [ app_begin ] --END-- [ RunTime:0.000529s ]

[ 2019-07-11T17:07:06+08:00 ] 127.0.0.1 /admin.php/Zuobiao/zuobiao.html
INFO: [ app_init ] --START--
INFO: Run Behavior\BuildLiteBehavior [ RunTime:0.000007s ]
INFO: [ app_init ] --END-- [ RunTime:0.000342s ]
INFO: [ app_begin ] --START--
INFO: Run Behavior\ReadHtmlCacheBehavior [ RunTime:0.000476s ]
INFO: [ app_begin ] --END-- [ RunTime:0.000504s ]
NOTIC: [8] Undefined index: y H:\www\ThinkPHPTest\Application\Admin\Controller\ZuobiaoController.class.php 第 48 行.
INFO: [ app_end ] --START--
INFO: Run Behavior\ShowPageTraceBehavior [ RunTime:0.000602s ]
INFO: [ app_end ] --END-- [ RunTime:0.000627s ]

[ 2019-07-11T17:07:33+08:00 ] 127.0.0.1 /admin.php/Zuobiao/zuobiao.html
INFO: [ app_init ] --START--
INFO: Run Behavior\BuildLiteBehavior [ RunTime:0.000008s ]
INFO: [ app_init ] --END-- [ RunTime:0.000567s ]
INFO: [ app_begin ] --START--
INFO: Run Behavior\ReadHtmlCacheBehavior [ RunTime:0.000465s ]
INFO: [ app_begin ] --END-- [ RunTime:0.000492s ]
NOTIC: [8] Undefined index: y H:\www\ThinkPHPTest\Application\Admin\Controller\ZuobiaoController.class.php 第 48 行.
INFO: [ app_end ] --START--
INFO: Run Behavior\ShowPageTraceBehavior [ RunTime:0.001012s ]
INFO: [ app_end ] --END-- [ RunTime:0.001046s ]

[ 2019-07-11T17:07:33+08:00 ] 127.0.0.1 /admin.php/Zuobiao/zuobiao.html
INFO: [ app_init ] --START--
INFO: Run Behavior\BuildLiteBehavior [ RunTime:0.000008s ]
INFO: [ app_init ] --END-- [ RunTime:0.000390s ]
INFO: [ app_begin ] --START--
INFO: Run Behavior\ReadHtmlCacheBehavior [ RunTime:0.000547s ]
INFO: [ app_begin ] --END-- [ RunTime:0.000577s ]
NOTIC: [8] Undefined index: y H:\www\ThinkPHPTest\Application\Admin\Controller\ZuobiaoController.class.php 第 48 行.
INFO: [ app_end ] --START--
INFO: Run Behavior\ShowPageTraceBehavior [ RunTime:0.000545s ]
INFO: [ app_end ] --END-- [ RunTime:0.000572s ]

[ 2019-07-11T17:07:34+08:00 ] 127.0.0.1 /admin.php/Zuobiao/zuobiao.html
INFO: [ app_init ] --START--
INFO: Run Behavior\BuildLiteBehavior [ RunTime:0.000007s ]
INFO: [ app_init ] --END-- [ RunTime:0.000369s ]
INFO: [ app_begin ] --START--
INFO: Run Behavior\ReadHtmlCacheBehavior [ RunTime:0.000722s ]
INFO: [ app_begin ] --END-- [ RunTime:0.000750s ]
NOTIC: [8] Undefined index: y H:\www\ThinkPHPTest\Application\Admin\Controller\ZuobiaoController.class.php 第 48 行.
INFO: [ app_end ] --START--
INFO: Run Behavior\ShowPageTraceBehavior [ RunTime:0.000680s ]
INFO: [ app_end ] --END-- [ RunTime:0.000711s ]

[ 2019-07-11T17:07:54+08:00 ] 127.0.0.1 /admin.php/Zuobiao/zuobiao.html
INFO: [ app_init ] --START--
INFO: Run Behavior\BuildLiteBehavior [ RunTime:0.000007s ]
INFO: [ app_init ] --END-- [ RunTime:0.000428s ]
INFO: [ app_begin ] --START--
INFO: Run Behavior\ReadHtmlCacheBehavior [ RunTime:0.000490s ]
INFO: [ app_begin ] --END-- [ RunTime:0.000629s ]

[ 2019-07-11T17:08:02+08:00 ] 127.0.0.1 /admin.php/Zuobiao/zuobiao.html
INFO: [ app_init ] --START--
INFO: Run Behavior\BuildLiteBehavior [ RunTime:0.000007s ]
INFO: [ app_init ] --END-- [ RunTime:0.000336s ]
INFO: [ app_begin ] --START--
INFO: Run Behavior\ReadHtmlCacheBehavior [ RunTime:0.000574s ]
INFO: [ app_begin ] --END-- [ RunTime:0.000666s ]
INFO: [ app_end ] --START--
INFO: Run Behavior\ShowPageTraceBehavior [ RunTime:0.000837s ]
INFO: [ app_end ] --END-- [ RunTime:0.000866s ]

[ 2019-07-11T17:08:03+08:00 ] 127.0.0.1 /admin.php/Zuobiao/zuobiao.html
INFO: [ app_init ] --START--
INFO: Run Behavior\BuildLiteBehavior [ RunTime:0.000007s ]
INFO: [ app_init ] --END-- [ RunTime:0.000447s ]
INFO: [ app_begin ] --START--
INFO: Run Behavior\ReadHtmlCacheBehavior [ RunTime:0.000656s ]
INFO: [ app_begin ] --END-- [ RunTime:0.000690s ]
INFO: [ app_end ] --START--
INFO: Run Behavior\ShowPageTraceBehavior [ RunTime:0.000619s ]
INFO: [ app_end ] --END-- [ RunTime:0.000651s ]

[ 2019-07-11T17:08:49+08:00 ] 127.0.0.1 /admin.php/Zuobiao/zuobiao.html
INFO: [ app_init ] --START--
INFO: Run Behavior\BuildLiteBehavior [ RunTime:0.000006s ]
INFO: [ app_init ] --END-- [ RunTime:0.000355s ]
INFO: [ app_begin ] --START--
INFO: Run Behavior\ReadHtmlCacheBehavior [ RunTime:0.000521s ]
INFO: [ app_begin ] --END-- [ RunTime:0.000545s ]

[ 2019-07-11T17:08:50+08:00 ] 127.0.0.1 /admin.php/Zuobiao/zuobiao.html
INFO: [ app_init ] --START--
INFO: Run Behavior\BuildLiteBehavior [ RunTime:0.000014s ]
INFO: [ app_init ] --END-- [ RunTime:0.000568s ]
INFO: [ app_begin ] --START--
INFO: Run Behavior\ReadHtmlCacheBehavior [ RunTime:0.000640s ]
INFO: [ app_begin ] --END-- [ RunTime:0.000685s ]

[ 2019-07-11T17:09:47+08:00 ] 127.0.0.1 /admin.php/Zuobiao/zuobiao.html
INFO: [ app_init ] --START--
INFO: Run Behavior\BuildLiteBehavior [ RunTime:0.000007s ]
INFO: [ app_init ] --END-- [ RunTime:0.000399s ]
INFO: [ app_begin ] --START--
INFO: Run Behavior\ReadHtmlCacheBehavior [ RunTime:0.000420s ]
INFO: [ app_begin ] --END-- [ RunTime:0.000443s ]

[ 2019-07-11T17:12:02+08:00 ] 127.0.0.1 /admin.php/Zuobiao/zuobiao.html
INFO: [ app_init ] --START--
INFO: Run Behavior\BuildLiteBehavior [ RunTime:0.000006s ]
INFO: [ app_init ] --END-- [ RunTime:0.000515s ]
INFO: [ app_begin ] --START--
INFO: Run Behavior\ReadHtmlCacheBehavior [ RunTime:0.000589s ]
INFO: [ app_begin ] --END-- [ RunTime:0.000613s ]

[ 2019-07-11T17:19:22+08:00 ] 127.0.0.1 /admin.php/Zuobiao/isPointInPolygon
INFO: [ app_init ] --START--
INFO: Run Behavior\BuildLiteBehavior [ RunTime:0.000008s ]
INFO: [ app_init ] --END-- [ RunTime:0.000500s ]
INFO: [ app_begin ] --START--
INFO: Run Behavior\ReadHtmlCacheBehavior [ RunTime:0.000570s ]
INFO: [ app_begin ] --END-- [ RunTime:0.000597s ]
INFO: [ app_end ] --START--
INFO: Run Behavior\ShowPageTraceBehavior [ RunTime:0.000654s ]
INFO: [ app_end ] --END-- [ RunTime:0.000681s ]

[ 2019-07-11T17:19:40+08:00 ] 127.0.0.1 /admin.php/Zuobiao/isPointInPolygon
INFO: [ app_init ] --START--
INFO: Run Behavior\BuildLiteBehavior [ RunTime:0.000008s ]
INFO: [ app_init ] --END-- [ RunTime:0.000655s ]
INFO: [ app_begin ] --START--
INFO: Run Behavior\ReadHtmlCacheBehavior [ RunTime:0.000682s ]
INFO: [ app_begin ] --END-- [ RunTime:0.000715s ]

[ 2019-07-11T17:19:54+08:00 ] 127.0.0.1 /admin.php/Zuobiao/isPointInPolygon
INFO: [ app_init ] --START--
INFO: Run Behavior\BuildLiteBehavior [ RunTime:0.000007s ]
INFO: [ app_init ] --END-- [ RunTime:0.000442s ]
INFO: [ app_begin ] --START--
INFO: Run Behavior\ReadHtmlCacheBehavior [ RunTime:0.000613s ]
INFO: [ app_begin ] --END-- [ RunTime:0.000643s ]
INFO: [ app_end ] --START--
INFO: Run Behavior\ShowPageTraceBehavior [ RunTime:0.000589s ]
INFO: [ app_end ] --END-- [ RunTime:0.000617s ]

[ 2019-07-11T17:19:54+08:00 ] 127.0.0.1 /admin.php/Zuobiao/isPointInPolygon
INFO: [ app_init ] --START--
INFO: Run Behavior\BuildLiteBehavior [ RunTime:0.000024s ]
INFO: [ app_init ] --END-- [ RunTime:0.000499s ]
INFO: [ app_begin ] --START--
INFO: Run Behavior\ReadHtmlCacheBehavior [ RunTime:0.000577s ]
INFO: [ app_begin ] --END-- [ RunTime:0.000605s ]
INFO: [ app_end ] --START--
INFO: Run Behavior\ShowPageTraceBehavior [ RunTime:0.000563s ]
INFO: [ app_end ] --END-- [ RunTime:0.000591s ]

[ 2019-07-11T17:19:55+08:00 ] 127.0.0.1 /admin.php/Zuobiao/isPointInPolygon
INFO: [ app_init ] --START--
INFO: Run Behavior\BuildLiteBehavior [ RunTime:0.000006s ]
INFO: [ app_init ] --END-- [ RunTime:0.000395s ]
INFO: [ app_begin ] --START--
INFO: Run Behavior\ReadHtmlCacheBehavior [ RunTime:0.000678s ]
INFO: [ app_begin ] --END-- [ RunTime:0.000718s ]
INFO: [ app_end ] --START--
INFO: Run Behavior\ShowPageTraceBehavior [ RunTime:0.000626s ]
INFO: [ app_end ] --END-- [ RunTime:0.000659s ]

[ 2019-07-11T20:06:48+08:00 ] 127.0.0.1 /admin.php/plugin/index03.html
INFO: [ app_init ] --START--
INFO: Run Behavior\BuildLiteBehavior [ RunTime:0.000008s ]
INFO: [ app_init ] --END-- [ RunTime:0.000543s ]
INFO: [ app_begin ] --START--
INFO: Run Behavior\ReadHtmlCacheBehavior [ RunTime:0.000660s ]
INFO: [ app_begin ] --END-- [ RunTime:0.000693s ]
INFO: [ view_parse ] --START--
INFO: [ template_filter ] --START--
INFO: Run Behavior\ContentReplaceBehavior [ RunTime:0.000034s ]
INFO: [ template_filter ] --END-- [ RunTime:0.000066s ]
INFO: Run Behavior\ParseTemplateBehavior [ RunTime:0.007397s ]
INFO: [ view_parse ] --END-- [ RunTime:0.007434s ]
INFO: [ view_filter ] --START--
INFO: Run Behavior\WriteHtmlCacheBehavior [ RunTime:0.001073s ]
INFO: [ view_filter ] --END-- [ RunTime:0.001099s ]
INFO: [ app_end ] --START--
INFO: Run Behavior\ShowPageTraceBehavior [ RunTime:0.000767s ]
INFO: [ app_end ] --END-- [ RunTime:0.000793s ]

[ 2019-07-11T20:06:57+08:00 ] 127.0.0.1 /admin.php/plugin/index01.html
INFO: [ app_init ] --START--
INFO: Run Behavior\BuildLiteBehavior [ RunTime:0.000010s ]
INFO: [ app_init ] --END-- [ RunTime:0.000708s ]
INFO: [ app_begin ] --START--
INFO: Run Behavior\ReadHtmlCacheBehavior [ RunTime:0.001000s ]
INFO: [ app_begin ] --END-- [ RunTime:0.001058s ]
INFO: [ view_parse ] --START--
INFO: [ template_filter ] --START--
INFO: Run Behavior\ContentReplaceBehavior [ RunTime:0.000020s ]
INFO: [ template_filter ] --END-- [ RunTime:0.000049s ]
INFO: Run Behavior\ParseTemplateBehavior [ RunTime:0.007419s ]
INFO: [ view_parse ] --END-- [ RunTime:0.007451s ]
INFO: [ view_filter ] --START--
INFO: Run Behavior\WriteHtmlCacheBehavior [ RunTime:0.000990s ]
INFO: [ view_filter ] --END-- [ RunTime:0.001017s ]
INFO: [ app_end ] --START--
INFO: Run Behavior\ShowPageTraceBehavior [ RunTime:0.000609s ]
INFO: [ app_end ] --END-- [ RunTime:0.000633s ]

[ 2019-07-11T20:07:00+08:00 ] 127.0.0.1 /admin.php/plugin/index02.html
INFO: [ app_init ] --START--
INFO: Run Behavior\BuildLiteBehavior [ RunTime:0.000007s ]
INFO: [ app_init ] --END-- [ RunTime:0.000387s ]
INFO: [ app_begin ] --START--
INFO: Run Behavior\ReadHtmlCacheBehavior [ RunTime:0.000659s ]
INFO: [ app_begin ] --END-- [ RunTime:0.000692s ]
INFO: [ view_parse ] --START--
INFO: [ template_filter ] --START--
INFO: Run Behavior\ContentReplaceBehavior [ RunTime:0.000020s ]
INFO: [ template_filter ] --END-- [ RunTime:0.000051s ]
INFO: Run Behavior\ParseTemplateBehavior [ RunTime:0.006968s ]
INFO: [ view_parse ] --END-- [ RunTime:0.007005s ]
INFO: [ view_filter ] --START--
INFO: Run Behavior\WriteHtmlCacheBehavior [ RunTime:0.000407s ]
INFO: [ view_filter ] --END-- [ RunTime:0.000432s ]
INFO: [ app_end ] --START--
INFO: Run Behavior\ShowPageTraceBehavior [ RunTime:0.000696s ]
INFO: [ app_end ] --END-- [ RunTime:0.000785s ]

[ 2019-07-11T20:07:05+08:00 ] 127.0.0.1 /admin.php/plugin/index03.html
INFO: [ app_init ] --START--
INFO: Run Behavior\BuildLiteBehavior [ RunTime:0.000007s ]
INFO: [ app_init ] --END-- [ RunTime:0.000380s ]
INFO: [ app_begin ] --START--
INFO: Run Behavior\ReadHtmlCacheBehavior [ RunTime:0.000483s ]
INFO: [ app_begin ] --END-- [ RunTime:0.000506s ]
INFO: [ view_parse ] --START--
INFO: [ template_filter ] --START--
INFO: Run Behavior\ContentReplaceBehavior [ RunTime:0.000017s ]
INFO: [ template_filter ] --END-- [ RunTime:0.000043s ]
INFO: Run Behavior\ParseTemplateBehavior [ RunTime:0.007092s ]
INFO: [ view_parse ] --END-- [ RunTime:0.007127s ]
INFO: [ view_filter ] --START--
INFO: Run Behavior\WriteHtmlCacheBehavior [ RunTime:0.000409s ]
INFO: [ view_filter ] --END-- [ RunTime:0.000431s ]
INFO: [ app_end ] --START--
INFO: Run Behavior\ShowPageTraceBehavior [ RunTime:0.000597s ]
INFO: [ app_end ] --END-- [ RunTime:0.000624s ]

[ 2019-07-11T20:07:13+08:00 ] 127.0.0.1 /admin.php/plugin/index04.html
INFO: [ app_init ] --START--
INFO: Run Behavior\BuildLiteBehavior [ RunTime:0.000008s ]
INFO: [ app_init ] --END-- [ RunTime:0.000394s ]
INFO: [ app_begin ] --START--
INFO: Run Behavior\ReadHtmlCacheBehavior [ RunTime:0.000645s ]
INFO: [ app_begin ] --END-- [ RunTime:0.000685s ]
INFO: [ view_parse ] --START--
INFO: [ template_filter ] --START--
INFO: Run Behavior\ContentReplaceBehavior [ RunTime:0.000027s ]
INFO: [ template_filter ] --END-- [ RunTime:0.000056s ]
INFO: Run Behavior\ParseTemplateBehavior [ RunTime:0.006984s ]
INFO: [ view_parse ] --END-- [ RunTime:0.007020s ]
INFO: [ view_filter ] --START--
INFO: Run Behavior\WriteHtmlCacheBehavior [ RunTime:0.000442s ]
INFO: [ view_filter ] --END-- [ RunTime:0.000480s ]
INFO: [ app_end ] --START--
INFO: Run Behavior\ShowPageTraceBehavior [ RunTime:0.000689s ]
INFO: [ app_end ] --END-- [ RunTime:0.000717s ]

[ 2019-07-11T20:07:18+08:00 ] 127.0.0.1 /admin.php/plugin/index05.html
INFO: [ app_init ] --START--
INFO: Run Behavior\BuildLiteBehavior [ RunTime:0.000007s ]
INFO: [ app_init ] --END-- [ RunTime:0.000391s ]
INFO: [ app_begin ] --START--
INFO: Run Behavior\ReadHtmlCacheBehavior [ RunTime:0.000598s ]
INFO: [ app_begin ] --END-- [ RunTime:0.000624s ]
INFO: [ view_parse ] --START--
INFO: [ template_filter ] --START--
INFO: Run Behavior\ContentReplaceBehavior [ RunTime:0.000023s ]
INFO: [ template_filter ] --END-- [ RunTime:0.000155s ]
INFO: Run Behavior\ParseTemplateBehavior [ RunTime:0.006775s ]
INFO: [ view_parse ] --END-- [ RunTime:0.006811s ]
INFO: [ view_filter ] --START--
INFO: Run Behavior\WriteHtmlCacheBehavior [ RunTime:0.000592s ]
INFO: [ view_filter ] --END-- [ RunTime:0.000621s ]
INFO: [ app_end ] --START--
INFO: Run Behavior\ShowPageTraceBehavior [ RunTime:0.000749s ]
INFO: [ app_end ] --END-- [ RunTime:0.000776s ]

[ 2019-07-11T20:07:24+08:00 ] 127.0.0.1 /admin.php/plugin/index06.html
INFO: [ app_init ] --START--
INFO: Run Behavior\BuildLiteBehavior [ RunTime:0.000007s ]
INFO: [ app_init ] --END-- [ RunTime:0.000385s ]
INFO: [ app_begin ] --START--
INFO: Run Behavior\ReadHtmlCacheBehavior [ RunTime:0.000665s ]
INFO: [ app_begin ] --END-- [ RunTime:0.000698s ]
INFO: [ view_parse ] --START--
INFO: [ template_filter ] --START--
INFO: Run Behavior\ContentReplaceBehavior [ RunTime:0.000018s ]
INFO: [ template_filter ] --END-- [ RunTime:0.000051s ]
INFO: Run Behavior\ParseTemplateBehavior [ RunTime:0.005744s ]
INFO: [ view_parse ] --END-- [ RunTime:0.005778s ]
INFO: [ view_filter ] --START--
INFO: Run Behavior\WriteHtmlCacheBehavior [ RunTime:0.000395s ]
INFO: [ view_filter ] --END-- [ RunTime:0.000417s ]
INFO: [ app_end ] --START--
INFO: Run Behavior\ShowPageTraceBehavior [ RunTime:0.000527s ]
INFO: [ app_end ] --END-- [ RunTime:0.000549s ]

[ 2019-07-11T20:41:30+08:00 ] 127.0.0.1 /admin.php/plugin/index06.html
INFO: [ app_init ] --START--
INFO: Run Behavior\BuildLiteBehavior [ RunTime:0.000007s ]
INFO: [ app_init ] --END-- [ RunTime:0.000398s ]
INFO: [ app_begin ] --START--
INFO: Run Behavior\ReadHtmlCacheBehavior [ RunTime:0.000536s ]
INFO: [ app_begin ] --END-- [ RunTime:0.000565s ]
INFO: [ view_parse ] --START--
INFO: [ template_filter ] --START--
INFO: Run Behavior\ContentReplaceBehavior [ RunTime:0.000018s ]
INFO: [ template_filter ] --END-- [ RunTime:0.000044s ]
INFO: Run Behavior\ParseTemplateBehavior [ RunTime:0.015308s ]
INFO: [ view_parse ] --END-- [ RunTime:0.015344s ]
INFO: [ view_filter ] --START--
INFO: Run Behavior\WriteHtmlCacheBehavior [ RunTime:0.001801s ]
INFO: [ view_filter ] --END-- [ RunTime:0.001830s ]
INFO: [ app_end ] --START--
INFO: Run Behavior\ShowPageTraceBehavior [ RunTime:0.001009s ]
INFO: [ app_end ] --END-- [ RunTime:0.001036s ]

